#
# There is insufficient memory for the Java Runtime Environment to continue.
# Native memory allocation (malloc) failed to allocate 233296 bytes. Error detail: Chunk::new
# Possible reasons:
#   The system is out of physical RAM or swap space
#   This process is running with CompressedOops enabled, and the Java Heap may be blocking the growth of the native heap
# Possible solutions:
#   Reduce memory load on the system
#   Increase physical memory or swap space
#   Check if swap backing store is full
#   Decrease Java heap size (-Xmx/-Xms)
#   Decrease number of Java threads
#   Decrease Java thread stack sizes (-Xss)
#   Set larger code cache with -XX:ReservedCodeCacheSize=
#   JVM is running with Unscaled Compressed Oops mode in which the Java heap is
#     placed in the first 4GB address space. The Java Heap base address is the
#     maximum limit for the native heap growth. Please use -XX:HeapBaseMinAddress
#     to set the Java Heap base and to place the Java Heap above 4GB virtual address.
# This output file may be truncated or incomplete.
#
#  Out of Memory Error (arena.cpp:168), pid=6904, tid=17016
#
# JRE version: OpenJDK Runtime Environment (21.0.3) (build 21.0.3+-12282718-b509.11)
# Java VM: OpenJDK 64-Bit Server VM (21.0.3+-12282718-b509.11, mixed mode, tiered, compressed oops, compressed class ptrs, g1 gc, windows-amd64)
# No core dump will be written. Minidumps are not enabled by default on client versions of Windows
#

---------------  S U M M A R Y ------------

Command Line: --add-opens=java.base/java.util=ALL-UNNAMED --add-opens=java.base/java.lang=ALL-UNNAMED --add-opens=java.base/java.lang.invoke=ALL-UNNAMED --add-opens=java.prefs/java.util.prefs=ALL-UNNAMED --add-opens=java.base/java.nio.charset=ALL-UNNAMED --add-opens=java.base/java.net=ALL-UNNAMED --add-opens=java.base/java.util.concurrent.atomic=ALL-UNNAMED -Xmx2048m -Dfile.encoding=UTF-8 -Duser.country=RU -Duser.language=ru -Duser.variant -javaagent:C:\Users\egoru\.gradle\wrapper\dists\gradle-8.7-bin\bhs2wmbdwecv87pi65oeuq5iu\gradle-8.7\lib\agents\gradle-instrumentation-agent-8.7.jar org.gradle.launcher.daemon.bootstrap.GradleDaemon 8.7

Host: AMD Ryzen 7 5800H with Radeon Graphics         , 16 cores, 15G,  Windows 11 , 64 bit Build 22621 (10.0.22621.4391)
Time: Thu Feb  6 21:19:02 2025 RTZ 2 (s 11 , 64 bit Build 22621 (10.0.22621.4391) elapsed time: 2.091362 seconds (0d 0h 0m 2s)

---------------  T H R E A D  ---------------

Current thread (0x0000018cec2e7c70):  JavaThread "C2 CompilerThread0" daemon [_thread_in_native, id=17016, stack(0x0000007b5e100000,0x0000007b5e200000) (1024K)]


Current CompileTask:
C2:   2091 2347       4       java.util.HashMap::putVal (300 bytes)

Stack: [0x0000007b5e100000,0x0000007b5e200000]
Native frames: (J=compiled Java code, j=interpreted, Vv=VM code, C=native code)
V  [jvm.dll+0x6cafb9]
V  [jvm.dll+0x858523]
V  [jvm.dll+0x85aa7e]
V  [jvm.dll+0x85b163]
V  [jvm.dll+0x27d356]
V  [jvm.dll+0xbf93d]
V  [jvm.dll+0xbfe73]
V  [jvm.dll+0x3b1cb1]
V  [jvm.dll+0x37e787]
V  [jvm.dll+0x37dbfa]
V  [jvm.dll+0x246b02]
V  [jvm.dll+0x2460d1]
V  [jvm.dll+0x1c5804]
V  [jvm.dll+0x25575c]
V  [jvm.dll+0x253c36]
V  [jvm.dll+0x3ec996]
V  [jvm.dll+0x800d78]
V  [jvm.dll+0x6c98cd]
C  [ucrtbase.dll+0x29333]
C  [KERNEL32.DLL+0x1259d]
C  [ntdll.dll+0x5af38]


---------------  P R O C E S S  ---------------

Threads class SMR info:
_java_thread_list=0x0000018cf22ed8c0, length=25, elements={
0x0000018cd1d04f70, 0x0000018cec2ff1c0, 0x0000018cec300520, 0x0000018cec2dd8c0,
0x0000018cec2de320, 0x0000018cec2df520, 0x0000018cec2e0850, 0x0000018cec2e7c70,
0x0000018cec2e9cc0, 0x0000018cec399940, 0x0000018cec4d0250, 0x0000018cec4d2910,
0x0000018cec83db90, 0x0000018cec825ce0, 0x0000018cf11d8760, 0x0000018cf26e4860,
0x0000018cf1f65ab0, 0x0000018cf2280a20, 0x0000018cf22679c0, 0x0000018cf22733d0,
0x0000018cf212fe50, 0x0000018cf2402320, 0x0000018cf2406660, 0x0000018cf2407a10,
0x0000018cf2408730
}

Java Threads: ( => current thread )
  0x0000018cd1d04f70 JavaThread "main"                              [_thread_blocked, id=2264, stack(0x0000007b5d300000,0x0000007b5d400000) (1024K)]
  0x0000018cec2ff1c0 JavaThread "Reference Handler"          daemon [_thread_blocked, id=6092, stack(0x0000007b5db00000,0x0000007b5dc00000) (1024K)]
  0x0000018cec300520 JavaThread "Finalizer"                  daemon [_thread_blocked, id=24672, stack(0x0000007b5dc00000,0x0000007b5dd00000) (1024K)]
  0x0000018cec2dd8c0 JavaThread "Signal Dispatcher"          daemon [_thread_blocked, id=25588, stack(0x0000007b5dd00000,0x0000007b5de00000) (1024K)]
  0x0000018cec2de320 JavaThread "Attach Listener"            daemon [_thread_blocked, id=9632, stack(0x0000007b5de00000,0x0000007b5df00000) (1024K)]
  0x0000018cec2df520 JavaThread "Service Thread"             daemon [_thread_blocked, id=9788, stack(0x0000007b5df00000,0x0000007b5e000000) (1024K)]
  0x0000018cec2e0850 JavaThread "Monitor Deflation Thread"   daemon [_thread_blocked, id=9264, stack(0x0000007b5e000000,0x0000007b5e100000) (1024K)]
=>0x0000018cec2e7c70 JavaThread "C2 CompilerThread0"         daemon [_thread_in_native, id=17016, stack(0x0000007b5e100000,0x0000007b5e200000) (1024K)]
  0x0000018cec2e9cc0 JavaThread "C1 CompilerThread0"         daemon [_thread_blocked, id=23652, stack(0x0000007b5e200000,0x0000007b5e300000) (1024K)]
  0x0000018cec399940 JavaThread "Common-Cleaner"             daemon [_thread_blocked, id=15624, stack(0x0000007b5e300000,0x0000007b5e400000) (1024K)]
  0x0000018cec4d0250 JavaThread "C1 CompilerThread1"         daemon [_thread_blocked, id=3116, stack(0x0000007b5e400000,0x0000007b5e500000) (1024K)]
  0x0000018cec4d2910 JavaThread "C1 CompilerThread2"         daemon [_thread_blocked, id=6708, stack(0x0000007b5e500000,0x0000007b5e600000) (1024K)]
  0x0000018cec83db90 JavaThread "Notification Thread"        daemon [_thread_blocked, id=17060, stack(0x0000007b5e600000,0x0000007b5e700000) (1024K)]
  0x0000018cec825ce0 JavaThread "C2 CompilerThread1"         daemon [_thread_blocked, id=16800, stack(0x0000007b5e700000,0x0000007b5e800000) (1024K)]
  0x0000018cf11d8760 JavaThread "C1 CompilerThread3"         daemon [_thread_blocked, id=3924, stack(0x0000007b5e800000,0x0000007b5e900000) (1024K)]
  0x0000018cf26e4860 JavaThread "Daemon health stats"               [_thread_blocked, id=16240, stack(0x0000007b5ed00000,0x0000007b5ee00000) (1024K)]
  0x0000018cf1f65ab0 JavaThread "Incoming local TCP Connector on port 62907"        [_thread_in_native, id=10960, stack(0x0000007b5ee00000,0x0000007b5ef00000) (1024K)]
  0x0000018cf2280a20 JavaThread "Daemon periodic checks"            [_thread_blocked, id=4600, stack(0x0000007b5ef00000,0x0000007b5f000000) (1024K)]
  0x0000018cf22679c0 JavaThread "Daemon"                            [_thread_blocked, id=16324, stack(0x0000007b5f000000,0x0000007b5f100000) (1024K)]
  0x0000018cf22733d0 JavaThread "Handler for socket connection from /127.0.0.1:62907 to /127.0.0.1:62908"        [_thread_in_native, id=8472, stack(0x0000007b5f100000,0x0000007b5f200000) (1024K)]
  0x0000018cf212fe50 JavaThread "Cancel handler"                    [_thread_blocked, id=22912, stack(0x0000007b5f200000,0x0000007b5f300000) (1024K)]
  0x0000018cf2402320 JavaThread "Daemon worker"                     [_thread_in_vm, id=15272, stack(0x0000007b5f300000,0x0000007b5f400000) (1024K)]
  0x0000018cf2406660 JavaThread "Asynchronous log dispatcher for DefaultDaemonConnection: socket connection from /127.0.0.1:62907 to /127.0.0.1:62908"        [_thread_blocked, id=16912, stack(0x0000007b5f400000,0x0000007b5f500000) (1024K)]
  0x0000018cf2407a10 JavaThread "Stdin handler"                     [_thread_blocked, id=24560, stack(0x0000007b5f500000,0x0000007b5f600000) (1024K)]
  0x0000018cf2408730 JavaThread "Daemon client event forwarder"        [_thread_blocked, id=19436, stack(0x0000007b5f600000,0x0000007b5f700000) (1024K)]
Total: 25

Other Threads:
  0x0000018cec257e30 VMThread "VM Thread"                           [id=16316, stack(0x0000007b5da00000,0x0000007b5db00000) (1024K)]
  0x0000018cec07e670 WatcherThread "VM Periodic Task Thread"        [id=2948, stack(0x0000007b5d900000,0x0000007b5da00000) (1024K)]
  0x0000018cd1f41bc0 WorkerThread "GC Thread#0"                     [id=24568, stack(0x0000007b5d400000,0x0000007b5d500000) (1024K)]
  0x0000018cf11e1f00 WorkerThread "GC Thread#1"                     [id=4772, stack(0x0000007b5e900000,0x0000007b5ea00000) (1024K)]
  0x0000018cf11e22a0 WorkerThread "GC Thread#2"                     [id=25236, stack(0x0000007b5ea00000,0x0000007b5eb00000) (1024K)]
  0x0000018cf11e2640 WorkerThread "GC Thread#3"                     [id=25404, stack(0x0000007b5eb00000,0x0000007b5ec00000) (1024K)]
  0x0000018cf11e29e0 WorkerThread "GC Thread#4"                     [id=25232, stack(0x0000007b5ec00000,0x0000007b5ed00000) (1024K)]
  0x0000018cd1f52c10 ConcurrentGCThread "G1 Main Marker"            [id=22776, stack(0x0000007b5d500000,0x0000007b5d600000) (1024K)]
  0x0000018cd1f53db0 WorkerThread "G1 Conc#0"                       [id=14492, stack(0x0000007b5d600000,0x0000007b5d700000) (1024K)]
  0x0000018cd1fae680 ConcurrentGCThread "G1 Refine#0"               [id=16032, stack(0x0000007b5d700000,0x0000007b5d800000) (1024K)]
  0x0000018cebf537b0 ConcurrentGCThread "G1 Service"                [id=22508, stack(0x0000007b5d800000,0x0000007b5d900000) (1024K)]
Total: 11

Threads with active compile tasks:
C2 CompilerThread0     2112 2347       4       java.util.HashMap::putVal (300 bytes)
Total: 1

VM state: not at safepoint (normal execution)

VM Mutex/Monitor currently owned by a thread: None

Heap address: 0x0000000080000000, size: 2048 MB, Compressed Oops mode: 32-bit

CDS archive(s) not mapped
Compressed class space mapped at: 0x0000000100000000-0x0000000140000000, reserved size: 1073741824
Narrow klass base: 0x0000000000000000, Narrow klass shift: 3, Narrow klass range: 0x140000000

GC Precious Log:
 CardTable entry size: 512
 Card Set container configuration: InlinePtr #cards 5 size 8 Array Of Cards #cards 12 size 40 Howl #buckets 4 coarsen threshold 1843 Howl Bitmap #cards 512 size 80 coarsen threshold 460 Card regions per heap region 1 cards per card region 2048
 CPUs: 16 total, 16 available
 Memory: 15775M
 Large Page Support: Disabled
 NUMA Support: Disabled
 Compressed Oops: Enabled (32-bit)
 Heap Region Size: 1M
 Heap Min Capacity: 8M
 Heap Initial Capacity: 248M
 Heap Max Capacity: 2G
 Pre-touch: Disabled
 Parallel Workers: 13
 Concurrent Workers: 3
 Concurrent Refinement Workers: 13
 Periodic GC: Disabled

Heap:
 garbage-first heap   total 253952K, used 56215K [0x0000000080000000, 0x0000000100000000)
  region size 1024K, 45 young (46080K), 1 survivors (1024K)
 Metaspace       used 21116K, committed 21376K, reserved 1114112K
  class space    used 2436K, committed 2560K, reserved 1048576K

Heap Regions: E=young(eden), S=young(survivor), O=old, HS=humongous(starts), HC=humongous(continues), CS=collection set, F=free, TAMS=top-at-mark-start, PB=parsable bottom
|   0|0x0000000080000000, 0x0000000080100000, 0x0000000080100000|100%|HS|  |TAMS 0x0000000080000000| PB 0x0000000080000000| Complete 
|   1|0x0000000080100000, 0x0000000080200000, 0x0000000080200000|100%|HC|  |TAMS 0x0000000080100000| PB 0x0000000080100000| Complete 
|   2|0x0000000080200000, 0x0000000080300000, 0x0000000080300000|100%|HC|  |TAMS 0x0000000080200000| PB 0x0000000080200000| Complete 
|   3|0x0000000080300000, 0x0000000080400000, 0x0000000080400000|100%|HC|  |TAMS 0x0000000080300000| PB 0x0000000080300000| Complete 
|   4|0x0000000080400000, 0x0000000080500000, 0x0000000080500000|100%| O|  |TAMS 0x0000000080400000| PB 0x0000000080400000| Untracked 
|   5|0x0000000080500000, 0x0000000080600000, 0x0000000080600000|100%| O|  |TAMS 0x0000000080500000| PB 0x0000000080500000| Untracked 
|   6|0x0000000080600000, 0x0000000080700000, 0x0000000080700000|100%| O|  |TAMS 0x0000000080600000| PB 0x0000000080600000| Untracked 
|   7|0x0000000080700000, 0x0000000080800000, 0x0000000080800000|100%| O|  |TAMS 0x0000000080700000| PB 0x0000000080700000| Untracked 
|   8|0x0000000080800000, 0x0000000080900000, 0x0000000080900000|100%| O|  |TAMS 0x0000000080800000| PB 0x0000000080800000| Untracked 
|   9|0x0000000080900000, 0x0000000080a00000, 0x0000000080a00000|100%| O|  |TAMS 0x0000000080900000| PB 0x0000000080900000| Untracked 
|  10|0x0000000080a00000, 0x0000000080a0b318, 0x0000000080b00000|  4%| O|  |TAMS 0x0000000080a00000| PB 0x0000000080a00000| Untracked 
|  11|0x0000000080b00000, 0x0000000080c00000, 0x0000000080c00000|100%|HS|  |TAMS 0x0000000080b00000| PB 0x0000000080b00000| Complete 
|  12|0x0000000080c00000, 0x0000000080c00000, 0x0000000080d00000|  0%| F|  |TAMS 0x0000000080c00000| PB 0x0000000080c00000| Untracked 
|  13|0x0000000080d00000, 0x0000000080d00000, 0x0000000080e00000|  0%| F|  |TAMS 0x0000000080d00000| PB 0x0000000080d00000| Untracked 
|  14|0x0000000080e00000, 0x0000000080e00000, 0x0000000080f00000|  0%| F|  |TAMS 0x0000000080e00000| PB 0x0000000080e00000| Untracked 
|  15|0x0000000080f00000, 0x0000000080f00000, 0x0000000081000000|  0%| F|  |TAMS 0x0000000080f00000| PB 0x0000000080f00000| Untracked 
|  16|0x0000000081000000, 0x0000000081000000, 0x0000000081100000|  0%| F|  |TAMS 0x0000000081000000| PB 0x0000000081000000| Untracked 
|  17|0x0000000081100000, 0x0000000081100000, 0x0000000081200000|  0%| F|  |TAMS 0x0000000081100000| PB 0x0000000081100000| Untracked 
|  18|0x0000000081200000, 0x0000000081200000, 0x0000000081300000|  0%| F|  |TAMS 0x0000000081200000| PB 0x0000000081200000| Untracked 
|  19|0x0000000081300000, 0x0000000081300000, 0x0000000081400000|  0%| F|  |TAMS 0x0000000081300000| PB 0x0000000081300000| Untracked 
|  20|0x0000000081400000, 0x0000000081400000, 0x0000000081500000|  0%| F|  |TAMS 0x0000000081400000| PB 0x0000000081400000| Untracked 
|  21|0x0000000081500000, 0x0000000081500000, 0x0000000081600000|  0%| F|  |TAMS 0x0000000081500000| PB 0x0000000081500000| Untracked 
|  22|0x0000000081600000, 0x0000000081600000, 0x0000000081700000|  0%| F|  |TAMS 0x0000000081600000| PB 0x0000000081600000| Untracked 
|  23|0x0000000081700000, 0x0000000081700000, 0x0000000081800000|  0%| F|  |TAMS 0x0000000081700000| PB 0x0000000081700000| Untracked 
|  24|0x0000000081800000, 0x0000000081800000, 0x0000000081900000|  0%| F|  |TAMS 0x0000000081800000| PB 0x0000000081800000| Untracked 
|  25|0x0000000081900000, 0x0000000081900000, 0x0000000081a00000|  0%| F|  |TAMS 0x0000000081900000| PB 0x0000000081900000| Untracked 
|  26|0x0000000081a00000, 0x0000000081a00000, 0x0000000081b00000|  0%| F|  |TAMS 0x0000000081a00000| PB 0x0000000081a00000| Untracked 
|  27|0x0000000081b00000, 0x0000000081b00000, 0x0000000081c00000|  0%| F|  |TAMS 0x0000000081b00000| PB 0x0000000081b00000| Untracked 
|  28|0x0000000081c00000, 0x0000000081c00000, 0x0000000081d00000|  0%| F|  |TAMS 0x0000000081c00000| PB 0x0000000081c00000| Untracked 
|  29|0x0000000081d00000, 0x0000000081d00000, 0x0000000081e00000|  0%| F|  |TAMS 0x0000000081d00000| PB 0x0000000081d00000| Untracked 
|  30|0x0000000081e00000, 0x0000000081e00000, 0x0000000081f00000|  0%| F|  |TAMS 0x0000000081e00000| PB 0x0000000081e00000| Untracked 
|  31|0x0000000081f00000, 0x0000000081f00000, 0x0000000082000000|  0%| F|  |TAMS 0x0000000081f00000| PB 0x0000000081f00000| Untracked 
|  32|0x0000000082000000, 0x0000000082000000, 0x0000000082100000|  0%| F|  |TAMS 0x0000000082000000| PB 0x0000000082000000| Untracked 
|  33|0x0000000082100000, 0x0000000082100000, 0x0000000082200000|  0%| F|  |TAMS 0x0000000082100000| PB 0x0000000082100000| Untracked 
|  34|0x0000000082200000, 0x0000000082200000, 0x0000000082300000|  0%| F|  |TAMS 0x0000000082200000| PB 0x0000000082200000| Untracked 
|  35|0x0000000082300000, 0x0000000082300000, 0x0000000082400000|  0%| F|  |TAMS 0x0000000082300000| PB 0x0000000082300000| Untracked 
|  36|0x0000000082400000, 0x0000000082400000, 0x0000000082500000|  0%| F|  |TAMS 0x0000000082400000| PB 0x0000000082400000| Untracked 
|  37|0x0000000082500000, 0x0000000082500000, 0x0000000082600000|  0%| F|  |TAMS 0x0000000082500000| PB 0x0000000082500000| Untracked 
|  38|0x0000000082600000, 0x0000000082600000, 0x0000000082700000|  0%| F|  |TAMS 0x0000000082600000| PB 0x0000000082600000| Untracked 
|  39|0x0000000082700000, 0x0000000082700000, 0x0000000082800000|  0%| F|  |TAMS 0x0000000082700000| PB 0x0000000082700000| Untracked 
|  40|0x0000000082800000, 0x0000000082800000, 0x0000000082900000|  0%| F|  |TAMS 0x0000000082800000| PB 0x0000000082800000| Untracked 
|  41|0x0000000082900000, 0x0000000082900000, 0x0000000082a00000|  0%| F|  |TAMS 0x0000000082900000| PB 0x0000000082900000| Untracked 
|  42|0x0000000082a00000, 0x0000000082a00000, 0x0000000082b00000|  0%| F|  |TAMS 0x0000000082a00000| PB 0x0000000082a00000| Untracked 
|  43|0x0000000082b00000, 0x0000000082b00000, 0x0000000082c00000|  0%| F|  |TAMS 0x0000000082b00000| PB 0x0000000082b00000| Untracked 
|  44|0x0000000082c00000, 0x0000000082c00000, 0x0000000082d00000|  0%| F|  |TAMS 0x0000000082c00000| PB 0x0000000082c00000| Untracked 
|  45|0x0000000082d00000, 0x0000000082d00000, 0x0000000082e00000|  0%| F|  |TAMS 0x0000000082d00000| PB 0x0000000082d00000| Untracked 
|  46|0x0000000082e00000, 0x0000000082e00000, 0x0000000082f00000|  0%| F|  |TAMS 0x0000000082e00000| PB 0x0000000082e00000| Untracked 
|  47|0x0000000082f00000, 0x0000000082f00000, 0x0000000083000000|  0%| F|  |TAMS 0x0000000082f00000| PB 0x0000000082f00000| Untracked 
|  48|0x0000000083000000, 0x0000000083000000, 0x0000000083100000|  0%| F|  |TAMS 0x0000000083000000| PB 0x0000000083000000| Untracked 
|  49|0x0000000083100000, 0x0000000083100000, 0x0000000083200000|  0%| F|  |TAMS 0x0000000083100000| PB 0x0000000083100000| Untracked 
|  50|0x0000000083200000, 0x0000000083200000, 0x0000000083300000|  0%| F|  |TAMS 0x0000000083200000| PB 0x0000000083200000| Untracked 
|  51|0x0000000083300000, 0x0000000083300000, 0x0000000083400000|  0%| F|  |TAMS 0x0000000083300000| PB 0x0000000083300000| Untracked 
|  52|0x0000000083400000, 0x0000000083400000, 0x0000000083500000|  0%| F|  |TAMS 0x0000000083400000| PB 0x0000000083400000| Untracked 
|  53|0x0000000083500000, 0x0000000083500000, 0x0000000083600000|  0%| F|  |TAMS 0x0000000083500000| PB 0x0000000083500000| Untracked 
|  54|0x0000000083600000, 0x0000000083600000, 0x0000000083700000|  0%| F|  |TAMS 0x0000000083600000| PB 0x0000000083600000| Untracked 
|  55|0x0000000083700000, 0x0000000083700000, 0x0000000083800000|  0%| F|  |TAMS 0x0000000083700000| PB 0x0000000083700000| Untracked 
|  56|0x0000000083800000, 0x0000000083800000, 0x0000000083900000|  0%| F|  |TAMS 0x0000000083800000| PB 0x0000000083800000| Untracked 
|  57|0x0000000083900000, 0x0000000083900000, 0x0000000083a00000|  0%| F|  |TAMS 0x0000000083900000| PB 0x0000000083900000| Untracked 
|  58|0x0000000083a00000, 0x0000000083a00000, 0x0000000083b00000|  0%| F|  |TAMS 0x0000000083a00000| PB 0x0000000083a00000| Untracked 
|  59|0x0000000083b00000, 0x0000000083b00000, 0x0000000083c00000|  0%| F|  |TAMS 0x0000000083b00000| PB 0x0000000083b00000| Untracked 
|  60|0x0000000083c00000, 0x0000000083c00000, 0x0000000083d00000|  0%| F|  |TAMS 0x0000000083c00000| PB 0x0000000083c00000| Untracked 
|  61|0x0000000083d00000, 0x0000000083d00000, 0x0000000083e00000|  0%| F|  |TAMS 0x0000000083d00000| PB 0x0000000083d00000| Untracked 
|  62|0x0000000083e00000, 0x0000000083e00000, 0x0000000083f00000|  0%| F|  |TAMS 0x0000000083e00000| PB 0x0000000083e00000| Untracked 
|  63|0x0000000083f00000, 0x0000000083f00000, 0x0000000084000000|  0%| F|  |TAMS 0x0000000083f00000| PB 0x0000000083f00000| Untracked 
|  64|0x0000000084000000, 0x0000000084000000, 0x0000000084100000|  0%| F|  |TAMS 0x0000000084000000| PB 0x0000000084000000| Untracked 
|  65|0x0000000084100000, 0x0000000084100000, 0x0000000084200000|  0%| F|  |TAMS 0x0000000084100000| PB 0x0000000084100000| Untracked 
|  66|0x0000000084200000, 0x0000000084200000, 0x0000000084300000|  0%| F|  |TAMS 0x0000000084200000| PB 0x0000000084200000| Untracked 
|  67|0x0000000084300000, 0x0000000084300000, 0x0000000084400000|  0%| F|  |TAMS 0x0000000084300000| PB 0x0000000084300000| Untracked 
|  68|0x0000000084400000, 0x0000000084400000, 0x0000000084500000|  0%| F|  |TAMS 0x0000000084400000| PB 0x0000000084400000| Untracked 
|  69|0x0000000084500000, 0x0000000084500000, 0x0000000084600000|  0%| F|  |TAMS 0x0000000084500000| PB 0x0000000084500000| Untracked 
|  70|0x0000000084600000, 0x0000000084600000, 0x0000000084700000|  0%| F|  |TAMS 0x0000000084600000| PB 0x0000000084600000| Untracked 
|  71|0x0000000084700000, 0x0000000084700000, 0x0000000084800000|  0%| F|  |TAMS 0x0000000084700000| PB 0x0000000084700000| Untracked 
|  72|0x0000000084800000, 0x0000000084800000, 0x0000000084900000|  0%| F|  |TAMS 0x0000000084800000| PB 0x0000000084800000| Untracked 
|  73|0x0000000084900000, 0x0000000084900000, 0x0000000084a00000|  0%| F|  |TAMS 0x0000000084900000| PB 0x0000000084900000| Untracked 
|  74|0x0000000084a00000, 0x0000000084a00000, 0x0000000084b00000|  0%| F|  |TAMS 0x0000000084a00000| PB 0x0000000084a00000| Untracked 
|  75|0x0000000084b00000, 0x0000000084b00000, 0x0000000084c00000|  0%| F|  |TAMS 0x0000000084b00000| PB 0x0000000084b00000| Untracked 
|  76|0x0000000084c00000, 0x0000000084c00000, 0x0000000084d00000|  0%| F|  |TAMS 0x0000000084c00000| PB 0x0000000084c00000| Untracked 
|  77|0x0000000084d00000, 0x0000000084d00000, 0x0000000084e00000|  0%| F|  |TAMS 0x0000000084d00000| PB 0x0000000084d00000| Untracked 
|  78|0x0000000084e00000, 0x0000000084e00000, 0x0000000084f00000|  0%| F|  |TAMS 0x0000000084e00000| PB 0x0000000084e00000| Untracked 
|  79|0x0000000084f00000, 0x0000000084f00000, 0x0000000085000000|  0%| F|  |TAMS 0x0000000084f00000| PB 0x0000000084f00000| Untracked 
|  80|0x0000000085000000, 0x0000000085000000, 0x0000000085100000|  0%| F|  |TAMS 0x0000000085000000| PB 0x0000000085000000| Untracked 
|  81|0x0000000085100000, 0x0000000085100000, 0x0000000085200000|  0%| F|  |TAMS 0x0000000085100000| PB 0x0000000085100000| Untracked 
|  82|0x0000000085200000, 0x0000000085200000, 0x0000000085300000|  0%| F|  |TAMS 0x0000000085200000| PB 0x0000000085200000| Untracked 
|  83|0x0000000085300000, 0x0000000085300000, 0x0000000085400000|  0%| F|  |TAMS 0x0000000085300000| PB 0x0000000085300000| Untracked 
|  84|0x0000000085400000, 0x0000000085400000, 0x0000000085500000|  0%| F|  |TAMS 0x0000000085400000| PB 0x0000000085400000| Untracked 
|  85|0x0000000085500000, 0x0000000085500000, 0x0000000085600000|  0%| F|  |TAMS 0x0000000085500000| PB 0x0000000085500000| Untracked 
|  86|0x0000000085600000, 0x0000000085600000, 0x0000000085700000|  0%| F|  |TAMS 0x0000000085600000| PB 0x0000000085600000| Untracked 
|  87|0x0000000085700000, 0x0000000085700000, 0x0000000085800000|  0%| F|  |TAMS 0x0000000085700000| PB 0x0000000085700000| Untracked 
|  88|0x0000000085800000, 0x0000000085800000, 0x0000000085900000|  0%| F|  |TAMS 0x0000000085800000| PB 0x0000000085800000| Untracked 
|  89|0x0000000085900000, 0x0000000085900000, 0x0000000085a00000|  0%| F|  |TAMS 0x0000000085900000| PB 0x0000000085900000| Untracked 
|  90|0x0000000085a00000, 0x0000000085a00000, 0x0000000085b00000|  0%| F|  |TAMS 0x0000000085a00000| PB 0x0000000085a00000| Untracked 
|  91|0x0000000085b00000, 0x0000000085b00000, 0x0000000085c00000|  0%| F|  |TAMS 0x0000000085b00000| PB 0x0000000085b00000| Untracked 
|  92|0x0000000085c00000, 0x0000000085c00000, 0x0000000085d00000|  0%| F|  |TAMS 0x0000000085c00000| PB 0x0000000085c00000| Untracked 
|  93|0x0000000085d00000, 0x0000000085d00000, 0x0000000085e00000|  0%| F|  |TAMS 0x0000000085d00000| PB 0x0000000085d00000| Untracked 
|  94|0x0000000085e00000, 0x0000000085e00000, 0x0000000085f00000|  0%| F|  |TAMS 0x0000000085e00000| PB 0x0000000085e00000| Untracked 
|  95|0x0000000085f00000, 0x0000000085f00000, 0x0000000086000000|  0%| F|  |TAMS 0x0000000085f00000| PB 0x0000000085f00000| Untracked 
|  96|0x0000000086000000, 0x0000000086000000, 0x0000000086100000|  0%| F|  |TAMS 0x0000000086000000| PB 0x0000000086000000| Untracked 
|  97|0x0000000086100000, 0x0000000086100000, 0x0000000086200000|  0%| F|  |TAMS 0x0000000086100000| PB 0x0000000086100000| Untracked 
|  98|0x0000000086200000, 0x0000000086200000, 0x0000000086300000|  0%| F|  |TAMS 0x0000000086200000| PB 0x0000000086200000| Untracked 
|  99|0x0000000086300000, 0x0000000086300000, 0x0000000086400000|  0%| F|  |TAMS 0x0000000086300000| PB 0x0000000086300000| Untracked 
| 100|0x0000000086400000, 0x0000000086400000, 0x0000000086500000|  0%| F|  |TAMS 0x0000000086400000| PB 0x0000000086400000| Untracked 
| 101|0x0000000086500000, 0x0000000086500000, 0x0000000086600000|  0%| F|  |TAMS 0x0000000086500000| PB 0x0000000086500000| Untracked 
| 102|0x0000000086600000, 0x0000000086600000, 0x0000000086700000|  0%| F|  |TAMS 0x0000000086600000| PB 0x0000000086600000| Untracked 
| 103|0x0000000086700000, 0x0000000086700000, 0x0000000086800000|  0%| F|  |TAMS 0x0000000086700000| PB 0x0000000086700000| Untracked 
| 104|0x0000000086800000, 0x0000000086800000, 0x0000000086900000|  0%| F|  |TAMS 0x0000000086800000| PB 0x0000000086800000| Untracked 
| 105|0x0000000086900000, 0x0000000086900000, 0x0000000086a00000|  0%| F|  |TAMS 0x0000000086900000| PB 0x0000000086900000| Untracked 
| 106|0x0000000086a00000, 0x0000000086a00000, 0x0000000086b00000|  0%| F|  |TAMS 0x0000000086a00000| PB 0x0000000086a00000| Untracked 
| 107|0x0000000086b00000, 0x0000000086b00000, 0x0000000086c00000|  0%| F|  |TAMS 0x0000000086b00000| PB 0x0000000086b00000| Untracked 
| 108|0x0000000086c00000, 0x0000000086c00000, 0x0000000086d00000|  0%| F|  |TAMS 0x0000000086c00000| PB 0x0000000086c00000| Untracked 
| 109|0x0000000086d00000, 0x0000000086d00000, 0x0000000086e00000|  0%| F|  |TAMS 0x0000000086d00000| PB 0x0000000086d00000| Untracked 
| 110|0x0000000086e00000, 0x0000000086e00000, 0x0000000086f00000|  0%| F|  |TAMS 0x0000000086e00000| PB 0x0000000086e00000| Untracked 
| 111|0x0000000086f00000, 0x0000000086f00000, 0x0000000087000000|  0%| F|  |TAMS 0x0000000086f00000| PB 0x0000000086f00000| Untracked 
| 112|0x0000000087000000, 0x0000000087000000, 0x0000000087100000|  0%| F|  |TAMS 0x0000000087000000| PB 0x0000000087000000| Untracked 
| 113|0x0000000087100000, 0x0000000087100000, 0x0000000087200000|  0%| F|  |TAMS 0x0000000087100000| PB 0x0000000087100000| Untracked 
| 114|0x0000000087200000, 0x0000000087200000, 0x0000000087300000|  0%| F|  |TAMS 0x0000000087200000| PB 0x0000000087200000| Untracked 
| 115|0x0000000087300000, 0x0000000087300000, 0x0000000087400000|  0%| F|  |TAMS 0x0000000087300000| PB 0x0000000087300000| Untracked 
| 116|0x0000000087400000, 0x0000000087400000, 0x0000000087500000|  0%| F|  |TAMS 0x0000000087400000| PB 0x0000000087400000| Untracked 
| 117|0x0000000087500000, 0x0000000087500000, 0x0000000087600000|  0%| F|  |TAMS 0x0000000087500000| PB 0x0000000087500000| Untracked 
| 118|0x0000000087600000, 0x0000000087600000, 0x0000000087700000|  0%| F|  |TAMS 0x0000000087600000| PB 0x0000000087600000| Untracked 
| 119|0x0000000087700000, 0x0000000087700000, 0x0000000087800000|  0%| F|  |TAMS 0x0000000087700000| PB 0x0000000087700000| Untracked 
| 120|0x0000000087800000, 0x0000000087800000, 0x0000000087900000|  0%| F|  |TAMS 0x0000000087800000| PB 0x0000000087800000| Untracked 
| 121|0x0000000087900000, 0x0000000087900000, 0x0000000087a00000|  0%| F|  |TAMS 0x0000000087900000| PB 0x0000000087900000| Untracked 
| 122|0x0000000087a00000, 0x0000000087a00000, 0x0000000087b00000|  0%| F|  |TAMS 0x0000000087a00000| PB 0x0000000087a00000| Untracked 
| 123|0x0000000087b00000, 0x0000000087b00000, 0x0000000087c00000|  0%| F|  |TAMS 0x0000000087b00000| PB 0x0000000087b00000| Untracked 
| 124|0x0000000087c00000, 0x0000000087c00000, 0x0000000087d00000|  0%| F|  |TAMS 0x0000000087c00000| PB 0x0000000087c00000| Untracked 
| 125|0x0000000087d00000, 0x0000000087d00000, 0x0000000087e00000|  0%| F|  |TAMS 0x0000000087d00000| PB 0x0000000087d00000| Untracked 
| 126|0x0000000087e00000, 0x0000000087e00000, 0x0000000087f00000|  0%| F|  |TAMS 0x0000000087e00000| PB 0x0000000087e00000| Untracked 
| 127|0x0000000087f00000, 0x0000000087f00000, 0x0000000088000000|  0%| F|  |TAMS 0x0000000087f00000| PB 0x0000000087f00000| Untracked 
| 128|0x0000000088000000, 0x0000000088000000, 0x0000000088100000|  0%| F|  |TAMS 0x0000000088000000| PB 0x0000000088000000| Untracked 
| 129|0x0000000088100000, 0x0000000088100000, 0x0000000088200000|  0%| F|  |TAMS 0x0000000088100000| PB 0x0000000088100000| Untracked 
| 130|0x0000000088200000, 0x0000000088200000, 0x0000000088300000|  0%| F|  |TAMS 0x0000000088200000| PB 0x0000000088200000| Untracked 
| 131|0x0000000088300000, 0x0000000088300000, 0x0000000088400000|  0%| F|  |TAMS 0x0000000088300000| PB 0x0000000088300000| Untracked 
| 132|0x0000000088400000, 0x0000000088400000, 0x0000000088500000|  0%| F|  |TAMS 0x0000000088400000| PB 0x0000000088400000| Untracked 
| 133|0x0000000088500000, 0x0000000088500000, 0x0000000088600000|  0%| F|  |TAMS 0x0000000088500000| PB 0x0000000088500000| Untracked 
| 134|0x0000000088600000, 0x0000000088600000, 0x0000000088700000|  0%| F|  |TAMS 0x0000000088600000| PB 0x0000000088600000| Untracked 
| 135|0x0000000088700000, 0x0000000088700000, 0x0000000088800000|  0%| F|  |TAMS 0x0000000088700000| PB 0x0000000088700000| Untracked 
| 136|0x0000000088800000, 0x0000000088800000, 0x0000000088900000|  0%| F|  |TAMS 0x0000000088800000| PB 0x0000000088800000| Untracked 
| 137|0x0000000088900000, 0x0000000088900000, 0x0000000088a00000|  0%| F|  |TAMS 0x0000000088900000| PB 0x0000000088900000| Untracked 
| 138|0x0000000088a00000, 0x0000000088a00000, 0x0000000088b00000|  0%| F|  |TAMS 0x0000000088a00000| PB 0x0000000088a00000| Untracked 
| 139|0x0000000088b00000, 0x0000000088b00000, 0x0000000088c00000|  0%| F|  |TAMS 0x0000000088b00000| PB 0x0000000088b00000| Untracked 
| 140|0x0000000088c00000, 0x0000000088c00000, 0x0000000088d00000|  0%| F|  |TAMS 0x0000000088c00000| PB 0x0000000088c00000| Untracked 
| 141|0x0000000088d00000, 0x0000000088d00000, 0x0000000088e00000|  0%| F|  |TAMS 0x0000000088d00000| PB 0x0000000088d00000| Untracked 
| 142|0x0000000088e00000, 0x0000000088e00000, 0x0000000088f00000|  0%| F|  |TAMS 0x0000000088e00000| PB 0x0000000088e00000| Untracked 
| 143|0x0000000088f00000, 0x0000000088f00000, 0x0000000089000000|  0%| F|  |TAMS 0x0000000088f00000| PB 0x0000000088f00000| Untracked 
| 144|0x0000000089000000, 0x0000000089000000, 0x0000000089100000|  0%| F|  |TAMS 0x0000000089000000| PB 0x0000000089000000| Untracked 
| 145|0x0000000089100000, 0x0000000089100000, 0x0000000089200000|  0%| F|  |TAMS 0x0000000089100000| PB 0x0000000089100000| Untracked 
| 146|0x0000000089200000, 0x0000000089200000, 0x0000000089300000|  0%| F|  |TAMS 0x0000000089200000| PB 0x0000000089200000| Untracked 
| 147|0x0000000089300000, 0x0000000089300000, 0x0000000089400000|  0%| F|  |TAMS 0x0000000089300000| PB 0x0000000089300000| Untracked 
| 148|0x0000000089400000, 0x0000000089400000, 0x0000000089500000|  0%| F|  |TAMS 0x0000000089400000| PB 0x0000000089400000| Untracked 
| 149|0x0000000089500000, 0x0000000089500000, 0x0000000089600000|  0%| F|  |TAMS 0x0000000089500000| PB 0x0000000089500000| Untracked 
| 150|0x0000000089600000, 0x0000000089600000, 0x0000000089700000|  0%| F|  |TAMS 0x0000000089600000| PB 0x0000000089600000| Untracked 
| 151|0x0000000089700000, 0x0000000089700000, 0x0000000089800000|  0%| F|  |TAMS 0x0000000089700000| PB 0x0000000089700000| Untracked 
| 152|0x0000000089800000, 0x0000000089800000, 0x0000000089900000|  0%| F|  |TAMS 0x0000000089800000| PB 0x0000000089800000| Untracked 
| 153|0x0000000089900000, 0x0000000089900000, 0x0000000089a00000|  0%| F|  |TAMS 0x0000000089900000| PB 0x0000000089900000| Untracked 
| 154|0x0000000089a00000, 0x0000000089a00000, 0x0000000089b00000|  0%| F|  |TAMS 0x0000000089a00000| PB 0x0000000089a00000| Untracked 
| 155|0x0000000089b00000, 0x0000000089b00000, 0x0000000089c00000|  0%| F|  |TAMS 0x0000000089b00000| PB 0x0000000089b00000| Untracked 
| 156|0x0000000089c00000, 0x0000000089c00000, 0x0000000089d00000|  0%| F|  |TAMS 0x0000000089c00000| PB 0x0000000089c00000| Untracked 
| 157|0x0000000089d00000, 0x0000000089d00000, 0x0000000089e00000|  0%| F|  |TAMS 0x0000000089d00000| PB 0x0000000089d00000| Untracked 
| 158|0x0000000089e00000, 0x0000000089e00000, 0x0000000089f00000|  0%| F|  |TAMS 0x0000000089e00000| PB 0x0000000089e00000| Untracked 
| 159|0x0000000089f00000, 0x0000000089f00000, 0x000000008a000000|  0%| F|  |TAMS 0x0000000089f00000| PB 0x0000000089f00000| Untracked 
| 160|0x000000008a000000, 0x000000008a000000, 0x000000008a100000|  0%| F|  |TAMS 0x000000008a000000| PB 0x000000008a000000| Untracked 
| 161|0x000000008a100000, 0x000000008a100000, 0x000000008a200000|  0%| F|  |TAMS 0x000000008a100000| PB 0x000000008a100000| Untracked 
| 162|0x000000008a200000, 0x000000008a200000, 0x000000008a300000|  0%| F|  |TAMS 0x000000008a200000| PB 0x000000008a200000| Untracked 
| 163|0x000000008a300000, 0x000000008a300000, 0x000000008a400000|  0%| F|  |TAMS 0x000000008a300000| PB 0x000000008a300000| Untracked 
| 164|0x000000008a400000, 0x000000008a400000, 0x000000008a500000|  0%| F|  |TAMS 0x000000008a400000| PB 0x000000008a400000| Untracked 
| 165|0x000000008a500000, 0x000000008a500000, 0x000000008a600000|  0%| F|  |TAMS 0x000000008a500000| PB 0x000000008a500000| Untracked 
| 166|0x000000008a600000, 0x000000008a600000, 0x000000008a700000|  0%| F|  |TAMS 0x000000008a600000| PB 0x000000008a600000| Untracked 
| 167|0x000000008a700000, 0x000000008a700000, 0x000000008a800000|  0%| F|  |TAMS 0x000000008a700000| PB 0x000000008a700000| Untracked 
| 168|0x000000008a800000, 0x000000008a800000, 0x000000008a900000|  0%| F|  |TAMS 0x000000008a800000| PB 0x000000008a800000| Untracked 
| 169|0x000000008a900000, 0x000000008a900000, 0x000000008aa00000|  0%| F|  |TAMS 0x000000008a900000| PB 0x000000008a900000| Untracked 
| 170|0x000000008aa00000, 0x000000008aa00000, 0x000000008ab00000|  0%| F|  |TAMS 0x000000008aa00000| PB 0x000000008aa00000| Untracked 
| 171|0x000000008ab00000, 0x000000008ab00000, 0x000000008ac00000|  0%| F|  |TAMS 0x000000008ab00000| PB 0x000000008ab00000| Untracked 
| 172|0x000000008ac00000, 0x000000008ac00000, 0x000000008ad00000|  0%| F|  |TAMS 0x000000008ac00000| PB 0x000000008ac00000| Untracked 
| 173|0x000000008ad00000, 0x000000008ad00000, 0x000000008ae00000|  0%| F|  |TAMS 0x000000008ad00000| PB 0x000000008ad00000| Untracked 
| 174|0x000000008ae00000, 0x000000008ae00000, 0x000000008af00000|  0%| F|  |TAMS 0x000000008ae00000| PB 0x000000008ae00000| Untracked 
| 175|0x000000008af00000, 0x000000008af00000, 0x000000008b000000|  0%| F|  |TAMS 0x000000008af00000| PB 0x000000008af00000| Untracked 
| 176|0x000000008b000000, 0x000000008b000000, 0x000000008b100000|  0%| F|  |TAMS 0x000000008b000000| PB 0x000000008b000000| Untracked 
| 177|0x000000008b100000, 0x000000008b100000, 0x000000008b200000|  0%| F|  |TAMS 0x000000008b100000| PB 0x000000008b100000| Untracked 
| 178|0x000000008b200000, 0x000000008b200000, 0x000000008b300000|  0%| F|  |TAMS 0x000000008b200000| PB 0x000000008b200000| Untracked 
| 179|0x000000008b300000, 0x000000008b300000, 0x000000008b400000|  0%| F|  |TAMS 0x000000008b300000| PB 0x000000008b300000| Untracked 
| 180|0x000000008b400000, 0x000000008b400000, 0x000000008b500000|  0%| F|  |TAMS 0x000000008b400000| PB 0x000000008b400000| Untracked 
| 181|0x000000008b500000, 0x000000008b500000, 0x000000008b600000|  0%| F|  |TAMS 0x000000008b500000| PB 0x000000008b500000| Untracked 
| 182|0x000000008b600000, 0x000000008b600000, 0x000000008b700000|  0%| F|  |TAMS 0x000000008b600000| PB 0x000000008b600000| Untracked 
| 183|0x000000008b700000, 0x000000008b700000, 0x000000008b800000|  0%| F|  |TAMS 0x000000008b700000| PB 0x000000008b700000| Untracked 
| 184|0x000000008b800000, 0x000000008b800000, 0x000000008b900000|  0%| F|  |TAMS 0x000000008b800000| PB 0x000000008b800000| Untracked 
| 185|0x000000008b900000, 0x000000008b900000, 0x000000008ba00000|  0%| F|  |TAMS 0x000000008b900000| PB 0x000000008b900000| Untracked 
| 186|0x000000008ba00000, 0x000000008ba00000, 0x000000008bb00000|  0%| F|  |TAMS 0x000000008ba00000| PB 0x000000008ba00000| Untracked 
| 187|0x000000008bb00000, 0x000000008bb00000, 0x000000008bc00000|  0%| F|  |TAMS 0x000000008bb00000| PB 0x000000008bb00000| Untracked 
| 188|0x000000008bc00000, 0x000000008bc00000, 0x000000008bd00000|  0%| F|  |TAMS 0x000000008bc00000| PB 0x000000008bc00000| Untracked 
| 189|0x000000008bd00000, 0x000000008bd00000, 0x000000008be00000|  0%| F|  |TAMS 0x000000008bd00000| PB 0x000000008bd00000| Untracked 
| 190|0x000000008be00000, 0x000000008be00000, 0x000000008bf00000|  0%| F|  |TAMS 0x000000008be00000| PB 0x000000008be00000| Untracked 
| 191|0x000000008bf00000, 0x000000008bf00000, 0x000000008c000000|  0%| F|  |TAMS 0x000000008bf00000| PB 0x000000008bf00000| Untracked 
| 192|0x000000008c000000, 0x000000008c000000, 0x000000008c100000|  0%| F|  |TAMS 0x000000008c000000| PB 0x000000008c000000| Untracked 
| 193|0x000000008c100000, 0x000000008c100000, 0x000000008c200000|  0%| F|  |TAMS 0x000000008c100000| PB 0x000000008c100000| Untracked 
| 194|0x000000008c200000, 0x000000008c200000, 0x000000008c300000|  0%| F|  |TAMS 0x000000008c200000| PB 0x000000008c200000| Untracked 
| 195|0x000000008c300000, 0x000000008c300000, 0x000000008c400000|  0%| F|  |TAMS 0x000000008c300000| PB 0x000000008c300000| Untracked 
| 196|0x000000008c400000, 0x000000008c400000, 0x000000008c500000|  0%| F|  |TAMS 0x000000008c400000| PB 0x000000008c400000| Untracked 
| 197|0x000000008c500000, 0x000000008c500000, 0x000000008c600000|  0%| F|  |TAMS 0x000000008c500000| PB 0x000000008c500000| Untracked 
| 198|0x000000008c600000, 0x000000008c600000, 0x000000008c700000|  0%| F|  |TAMS 0x000000008c600000| PB 0x000000008c600000| Untracked 
| 199|0x000000008c700000, 0x000000008c700000, 0x000000008c800000|  0%| F|  |TAMS 0x000000008c700000| PB 0x000000008c700000| Untracked 
| 200|0x000000008c800000, 0x000000008c800000, 0x000000008c900000|  0%| F|  |TAMS 0x000000008c800000| PB 0x000000008c800000| Untracked 
| 201|0x000000008c900000, 0x000000008c900000, 0x000000008ca00000|  0%| F|  |TAMS 0x000000008c900000| PB 0x000000008c900000| Untracked 
| 202|0x000000008ca00000, 0x000000008ca80c10, 0x000000008cb00000| 50%| E|  |TAMS 0x000000008ca00000| PB 0x000000008ca00000| Complete 
| 203|0x000000008cb00000, 0x000000008cc00000, 0x000000008cc00000|100%| E|CS|TAMS 0x000000008cb00000| PB 0x000000008cb00000| Complete 
| 204|0x000000008cc00000, 0x000000008cd00000, 0x000000008cd00000|100%| E|CS|TAMS 0x000000008cc00000| PB 0x000000008cc00000| Complete 
| 205|0x000000008cd00000, 0x000000008ce00000, 0x000000008ce00000|100%| E|CS|TAMS 0x000000008cd00000| PB 0x000000008cd00000| Complete 
| 206|0x000000008ce00000, 0x000000008cf00000, 0x000000008cf00000|100%| E|CS|TAMS 0x000000008ce00000| PB 0x000000008ce00000| Complete 
| 207|0x000000008cf00000, 0x000000008d000000, 0x000000008d000000|100%| E|CS|TAMS 0x000000008cf00000| PB 0x000000008cf00000| Complete 
| 208|0x000000008d000000, 0x000000008d100000, 0x000000008d100000|100%| E|CS|TAMS 0x000000008d000000| PB 0x000000008d000000| Complete 
| 209|0x000000008d100000, 0x000000008d200000, 0x000000008d200000|100%| E|CS|TAMS 0x000000008d100000| PB 0x000000008d100000| Complete 
| 210|0x000000008d200000, 0x000000008d300000, 0x000000008d300000|100%| E|CS|TAMS 0x000000008d200000| PB 0x000000008d200000| Complete 
| 211|0x000000008d300000, 0x000000008d400000, 0x000000008d400000|100%| E|CS|TAMS 0x000000008d300000| PB 0x000000008d300000| Complete 
| 212|0x000000008d400000, 0x000000008d500000, 0x000000008d500000|100%| E|CS|TAMS 0x000000008d400000| PB 0x000000008d400000| Complete 
| 213|0x000000008d500000, 0x000000008d600000, 0x000000008d600000|100%| E|CS|TAMS 0x000000008d500000| PB 0x000000008d500000| Complete 
| 214|0x000000008d600000, 0x000000008d700000, 0x000000008d700000|100%| E|CS|TAMS 0x000000008d600000| PB 0x000000008d600000| Complete 
| 215|0x000000008d700000, 0x000000008d800000, 0x000000008d800000|100%| E|CS|TAMS 0x000000008d700000| PB 0x000000008d700000| Complete 
| 216|0x000000008d800000, 0x000000008d8daba0, 0x000000008d900000| 85%| S|CS|TAMS 0x000000008d800000| PB 0x000000008d800000| Complete 
| 217|0x000000008d900000, 0x000000008da00000, 0x000000008da00000|100%| E|CS|TAMS 0x000000008d900000| PB 0x000000008d900000| Complete 
| 218|0x000000008da00000, 0x000000008db00000, 0x000000008db00000|100%| E|CS|TAMS 0x000000008da00000| PB 0x000000008da00000| Complete 
| 219|0x000000008db00000, 0x000000008dc00000, 0x000000008dc00000|100%| E|CS|TAMS 0x000000008db00000| PB 0x000000008db00000| Complete 
| 220|0x000000008dc00000, 0x000000008dd00000, 0x000000008dd00000|100%| E|CS|TAMS 0x000000008dc00000| PB 0x000000008dc00000| Complete 
| 221|0x000000008dd00000, 0x000000008de00000, 0x000000008de00000|100%| E|CS|TAMS 0x000000008dd00000| PB 0x000000008dd00000| Complete 
| 222|0x000000008de00000, 0x000000008df00000, 0x000000008df00000|100%| E|CS|TAMS 0x000000008de00000| PB 0x000000008de00000| Complete 
| 223|0x000000008df00000, 0x000000008e000000, 0x000000008e000000|100%| E|CS|TAMS 0x000000008df00000| PB 0x000000008df00000| Complete 
| 224|0x000000008e000000, 0x000000008e100000, 0x000000008e100000|100%| E|CS|TAMS 0x000000008e000000| PB 0x000000008e000000| Complete 
| 225|0x000000008e100000, 0x000000008e200000, 0x000000008e200000|100%| E|CS|TAMS 0x000000008e100000| PB 0x000000008e100000| Complete 
| 226|0x000000008e200000, 0x000000008e300000, 0x000000008e300000|100%| E|CS|TAMS 0x000000008e200000| PB 0x000000008e200000| Complete 
| 227|0x000000008e300000, 0x000000008e400000, 0x000000008e400000|100%| E|CS|TAMS 0x000000008e300000| PB 0x000000008e300000| Complete 
| 228|0x000000008e400000, 0x000000008e500000, 0x000000008e500000|100%| E|CS|TAMS 0x000000008e400000| PB 0x000000008e400000| Complete 
| 229|0x000000008e500000, 0x000000008e600000, 0x000000008e600000|100%| E|CS|TAMS 0x000000008e500000| PB 0x000000008e500000| Complete 
| 230|0x000000008e600000, 0x000000008e700000, 0x000000008e700000|100%| E|CS|TAMS 0x000000008e600000| PB 0x000000008e600000| Complete 
| 231|0x000000008e700000, 0x000000008e800000, 0x000000008e800000|100%| E|CS|TAMS 0x000000008e700000| PB 0x000000008e700000| Complete 
| 232|0x000000008e800000, 0x000000008e900000, 0x000000008e900000|100%| E|CS|TAMS 0x000000008e800000| PB 0x000000008e800000| Complete 
| 233|0x000000008e900000, 0x000000008ea00000, 0x000000008ea00000|100%| E|CS|TAMS 0x000000008e900000| PB 0x000000008e900000| Complete 
| 234|0x000000008ea00000, 0x000000008eb00000, 0x000000008eb00000|100%| E|CS|TAMS 0x000000008ea00000| PB 0x000000008ea00000| Complete 
| 235|0x000000008eb00000, 0x000000008ec00000, 0x000000008ec00000|100%| E|CS|TAMS 0x000000008eb00000| PB 0x000000008eb00000| Complete 
| 236|0x000000008ec00000, 0x000000008ed00000, 0x000000008ed00000|100%| E|CS|TAMS 0x000000008ec00000| PB 0x000000008ec00000| Complete 
| 237|0x000000008ed00000, 0x000000008ee00000, 0x000000008ee00000|100%| E|CS|TAMS 0x000000008ed00000| PB 0x000000008ed00000| Complete 
| 238|0x000000008ee00000, 0x000000008ef00000, 0x000000008ef00000|100%| E|CS|TAMS 0x000000008ee00000| PB 0x000000008ee00000| Complete 
| 239|0x000000008ef00000, 0x000000008f000000, 0x000000008f000000|100%| E|CS|TAMS 0x000000008ef00000| PB 0x000000008ef00000| Complete 
| 240|0x000000008f000000, 0x000000008f100000, 0x000000008f100000|100%| E|CS|TAMS 0x000000008f000000| PB 0x000000008f000000| Complete 
| 241|0x000000008f100000, 0x000000008f200000, 0x000000008f200000|100%| E|CS|TAMS 0x000000008f100000| PB 0x000000008f100000| Complete 
| 242|0x000000008f200000, 0x000000008f300000, 0x000000008f300000|100%| E|CS|TAMS 0x000000008f200000| PB 0x000000008f200000| Complete 
| 243|0x000000008f300000, 0x000000008f400000, 0x000000008f400000|100%| E|CS|TAMS 0x000000008f300000| PB 0x000000008f300000| Complete 
| 244|0x000000008f400000, 0x000000008f500000, 0x000000008f500000|100%| E|CS|TAMS 0x000000008f400000| PB 0x000000008f400000| Complete 
| 245|0x000000008f500000, 0x000000008f600000, 0x000000008f600000|100%| E|CS|TAMS 0x000000008f500000| PB 0x000000008f500000| Complete 
| 246|0x000000008f600000, 0x000000008f700000, 0x000000008f700000|100%| E|CS|TAMS 0x000000008f600000| PB 0x000000008f600000| Complete 
| 247|0x000000008f700000, 0x000000008f800000, 0x000000008f800000|100%| E|CS|TAMS 0x000000008f700000| PB 0x000000008f700000| Complete 

Card table byte_map: [0x0000018ce6bd0000,0x0000018ce6fd0000] _byte_map_base: 0x0000018ce67d0000

Marking Bits: (CMBitMap*) 0x0000018cd1f421c0
 Bits: [0x0000018ce6fd0000, 0x0000018ce8fd0000)

Polling page: 0x0000018cd1fb0000

Metaspace:

Usage:
  Non-class:     18.32 MB used.
      Class:      2.39 MB used.
       Both:     20.71 MB used.

Virtual space:
  Non-class space:       64.00 MB reserved,      18.44 MB ( 29%) committed,  1 nodes.
      Class space:        1.00 GB reserved,       2.56 MB ( <1%) committed,  1 nodes.
             Both:        1.06 GB reserved,      21.00 MB (  2%) committed. 

Chunk freelists:
   Non-Class:  13.44 MB
       Class:  13.30 MB
        Both:  26.73 MB

MaxMetaspaceSize: unlimited
CompressedClassSpaceSize: 1.00 GB
Initial GC threshold: 21.00 MB
Current GC threshold: 21.00 MB
CDS: off
 - commit_granule_bytes: 65536.
 - commit_granule_words: 8192.
 - virtual_space_node_default_size: 8388608.
 - enlarge_chunks_in_place: 1.
 - use_allocation_guard: 0.


Internal statistics:

num_allocs_failed_limit: 3.
num_arena_births: 274.
num_arena_deaths: 0.
num_vsnodes_births: 2.
num_vsnodes_deaths: 0.
num_space_committed: 336.
num_space_uncommitted: 0.
num_chunks_returned_to_freelist: 3.
num_chunks_taken_from_freelist: 631.
num_chunk_merges: 0.
num_chunk_splits: 398.
num_chunks_enlarged: 297.
num_inconsistent_stats: 0.

CodeHeap 'non-profiled nmethods': size=119168Kb used=1025Kb max_used=1025Kb free=118142Kb
 bounds [0x0000018cde3a0000, 0x0000018cde610000, 0x0000018ce5800000]
CodeHeap 'profiled nmethods': size=119104Kb used=4718Kb max_used=4718Kb free=114385Kb
 bounds [0x0000018cd6800000, 0x0000018cd6ca0000, 0x0000018cddc50000]
CodeHeap 'non-nmethods': size=7488Kb used=3111Kb max_used=3124Kb free=4377Kb
 bounds [0x0000018cddc50000, 0x0000018cddf70000, 0x0000018cde3a0000]
 total_blobs=2885 nmethods=2349 adapters=438
 compilation: enabled
              stopped_count=0, restarted_count=0
 full_count=0

Compilation events (20 events):
Event: 2.077 Thread 0x0000018cf11d8760 nmethod 2340 0x0000018cd6c91890 code [0x0000018cd6c91a40, 0x0000018cd6c91cd0]
Event: 2.077 Thread 0x0000018cec4d0250 nmethod 2339 0x0000018cd6c91e10 code [0x0000018cd6c91fc0, 0x0000018cd6c92280]
Event: 2.079 Thread 0x0000018cec2e9cc0 nmethod 2332 0x0000018cd6c92390 code [0x0000018cd6c92d00, 0x0000018cd6c969f0]
Event: 2.079 Thread 0x0000018cec2e7c70 2341       4       java.lang.ClassLoader::getClassLoadingLock (35 bytes)
Event: 2.081 Thread 0x0000018cec825ce0 2342       4       java.lang.AbstractStringBuilder::append (77 bytes)
Event: 2.081 Thread 0x0000018cec2e7c70 nmethod 2341 0x0000018cde49f410 code [0x0000018cde49f5a0, 0x0000018cde49f700]
Event: 2.081 Thread 0x0000018cec4d2910 2343       3       com.google.common.collect.Iterators::forArray (51 bytes)
Event: 2.081 Thread 0x0000018cf11d8760 2344       3       com.google.common.base.Preconditions::checkArgument (13 bytes)
Event: 2.081 Thread 0x0000018cec4d0250 2345       3       com.google.common.base.Preconditions::checkPositionIndexes (29 bytes)
Event: 2.082 Thread 0x0000018cf11d8760 nmethod 2344 0x0000018cd6c98a10 code [0x0000018cd6c98bc0, 0x0000018cd6c98da0]
Event: 2.082 Thread 0x0000018cec4d0250 nmethod 2345 0x0000018cd6c98e90 code [0x0000018cd6c99060, 0x0000018cd6c992f8]
Event: 2.082 Thread 0x0000018cec4d0250 2346       3       com.google.common.base.Preconditions::checkNotNull (14 bytes)
Event: 2.082 Thread 0x0000018cec4d2910 nmethod 2343 0x0000018cd6c99410 code [0x0000018cd6c99660, 0x0000018cd6c99e30]
Event: 2.082 Thread 0x0000018cec4d0250 nmethod 2346 0x0000018cd6c9a190 code [0x0000018cd6c9a340, 0x0000018cd6c9a528]
Event: 2.082 Thread 0x0000018cec2e7c70 2347       4       java.util.HashMap::putVal (300 bytes)
Event: 2.083 Thread 0x0000018cec2e9cc0 2348   !   3       java.lang.invoke.BoundMethodHandle$Species_L::copyWithExtendL (31 bytes)
Event: 2.083 Thread 0x0000018cec4d0250 2349       3       java.lang.reflect.Method::getParameterCount (6 bytes)
Event: 2.083 Thread 0x0000018cec4d0250 nmethod 2349 0x0000018cd6c9a610 code [0x0000018cd6c9a7a0, 0x0000018cd6c9a8b8]
Event: 2.083 Thread 0x0000018cec2e9cc0 nmethod 2348 0x0000018cd6c9a990 code [0x0000018cd6c9abe0, 0x0000018cd6c9b680]
Event: 2.084 Thread 0x0000018cec825ce0 nmethod 2342 0x0000018cde49f890 code [0x0000018cde49fa80, 0x0000018cde4a0118]

GC Heap History (4 events):
Event: 0.666 GC heap before
{Heap before GC invocations=0 (full 0):
 garbage-first heap   total 253952K, used 26624K [0x0000000080000000, 0x0000000100000000)
  region size 1024K, 23 young (23552K), 0 survivors (0K)
 Metaspace       used 10623K, committed 10880K, reserved 1114112K
  class space    used 1101K, committed 1216K, reserved 1048576K
}
Event: 0.670 GC heap after
{Heap after GC invocations=1 (full 0):
 garbage-first heap   total 253952K, used 10447K [0x0000000080000000, 0x0000000100000000)
  region size 1024K, 3 young (3072K), 3 survivors (3072K)
 Metaspace       used 10623K, committed 10880K, reserved 1114112K
  class space    used 1101K, committed 1216K, reserved 1048576K
}
Event: 1.210 GC heap before
{Heap before GC invocations=1 (full 0):
 garbage-first heap   total 253952K, used 38095K [0x0000000080000000, 0x0000000100000000)
  region size 1024K, 31 young (31744K), 3 survivors (3072K)
 Metaspace       used 11944K, committed 12160K, reserved 1114112K
  class space    used 1251K, committed 1344K, reserved 1048576K
}
Event: 1.215 GC heap after
{Heap after GC invocations=2 (full 0):
 garbage-first heap   total 253952K, used 11159K [0x0000000080000000, 0x0000000100000000)
  region size 1024K, 1 young (1024K), 1 survivors (1024K)
 Metaspace       used 11944K, committed 12160K, reserved 1114112K
  class space    used 1251K, committed 1344K, reserved 1048576K
}

Dll operation events (3 events):
Event: 0.011 Loaded shared library C:\Program Files\Android\Android Studio\jbr\bin\java.dll
Event: 0.017 Loaded shared library C:\Program Files\Android\Android Studio\jbr\bin\zip.dll
Event: 0.413 Loaded shared library C:\Program Files\Android\Android Studio\jbr\bin\verify.dll

Deoptimization events (20 events):
Event: 2.019 Thread 0x0000018cf22733d0 Uncommon trap: trap_request=0xffffff45 fr.pc=0x0000018cde3c0f70 relative=0x00000000000001b0
Event: 2.019 Thread 0x0000018cf22733d0 Uncommon trap: reason=unstable_if action=reinterpret pc=0x0000018cde3c0f70 method=java.util.regex.Matcher.reset()Ljava/util/regex/Matcher; @ 47 c2
Event: 2.019 Thread 0x0000018cf22733d0 DEOPT PACKING pc=0x0000018cde3c0f70 sp=0x0000007b5f1fd880
Event: 2.019 Thread 0x0000018cf22733d0 DEOPT UNPACKING pc=0x0000018cddca46a2 sp=0x0000007b5f1fd808 mode 2
Event: 2.019 Thread 0x0000018cf22733d0 Uncommon trap: trap_request=0xffffff45 fr.pc=0x0000018cde3c182c relative=0x000000000000048c
Event: 2.019 Thread 0x0000018cf22733d0 Uncommon trap: reason=unstable_if action=reinterpret pc=0x0000018cde3c182c method=java.util.regex.Matcher.match(II)Z @ 76 c2
Event: 2.019 Thread 0x0000018cf22733d0 DEOPT PACKING pc=0x0000018cde3c182c sp=0x0000007b5f1fd8b0
Event: 2.019 Thread 0x0000018cf22733d0 DEOPT UNPACKING pc=0x0000018cddca46a2 sp=0x0000007b5f1fd880 mode 2
Event: 2.019 Thread 0x0000018cf22733d0 Uncommon trap: trap_request=0xffffffde fr.pc=0x0000018cde4522e4 relative=0x0000000000000304
Event: 2.019 Thread 0x0000018cf22733d0 Uncommon trap: reason=class_check action=maybe_recompile pc=0x0000018cde4522e4 method=java.util.regex.Pattern$BmpCharPropertyGreedy.match(Ljava/util/regex/Matcher;ILjava/lang/CharSequence;)Z @ 26 c2
Event: 2.019 Thread 0x0000018cf22733d0 DEOPT PACKING pc=0x0000018cde4522e4 sp=0x0000007b5f1fd730
Event: 2.019 Thread 0x0000018cf22733d0 DEOPT UNPACKING pc=0x0000018cddca46a2 sp=0x0000007b5f1fd6e8 mode 2
Event: 2.019 Thread 0x0000018cf22733d0 Uncommon trap: trap_request=0xffffffde fr.pc=0x0000018cde4522e4 relative=0x0000000000000304
Event: 2.019 Thread 0x0000018cf22733d0 Uncommon trap: reason=class_check action=maybe_recompile pc=0x0000018cde4522e4 method=java.util.regex.Pattern$BmpCharPropertyGreedy.match(Ljava/util/regex/Matcher;ILjava/lang/CharSequence;)Z @ 26 c2
Event: 2.019 Thread 0x0000018cf22733d0 DEOPT PACKING pc=0x0000018cde4522e4 sp=0x0000007b5f1fd420
Event: 2.019 Thread 0x0000018cf22733d0 DEOPT UNPACKING pc=0x0000018cddca46a2 sp=0x0000007b5f1fd3b8 mode 2
Event: 2.024 Thread 0x0000018cf22733d0 Uncommon trap: trap_request=0xffffff45 fr.pc=0x0000018cde46f5c8 relative=0x0000000000001608
Event: 2.024 Thread 0x0000018cf22733d0 Uncommon trap: reason=unstable_if action=reinterpret pc=0x0000018cde46f5c8 method=java.util.concurrent.ConcurrentHashMap.transfer([Ljava/util/concurrent/ConcurrentHashMap$Node;[Ljava/util/concurrent/ConcurrentHashMap$Node;)V @ 26 c2
Event: 2.024 Thread 0x0000018cf22733d0 DEOPT PACKING pc=0x0000018cde46f5c8 sp=0x0000007b5f1fd4e0
Event: 2.024 Thread 0x0000018cf22733d0 DEOPT UNPACKING pc=0x0000018cddca46a2 sp=0x0000007b5f1fd450 mode 2

Classes loaded (20 events):
Event: 2.042 Loading class java/util/concurrent/CountDownLatch$Sync
Event: 2.042 Loading class java/util/concurrent/CountDownLatch$Sync done
Event: 2.043 Loading class jdk/internal/event/ThreadSleepEvent
Event: 2.043 Loading class jdk/internal/event/ThreadSleepEvent done
Event: 2.043 Loading class java/math/MathContext
Event: 2.043 Loading class java/math/MathContext done
Event: 2.043 Loading class java/math/BigDecimal
Event: 2.044 Loading class java/math/BigDecimal done
Event: 2.045 Loading class java/io/PipedOutputStream
Event: 2.045 Loading class java/io/PipedOutputStream done
Event: 2.045 Loading class java/io/PipedInputStream
Event: 2.045 Loading class java/io/PipedInputStream done
Event: 2.075 Loading class java/util/function/LongSupplier
Event: 2.075 Loading class java/util/function/LongSupplier done
Event: 2.081 Loading class java/util/stream/ForEachOps
Event: 2.081 Loading class java/util/stream/ForEachOps done
Event: 2.081 Loading class java/util/stream/ForEachOps$ForEachOp$OfRef
Event: 2.081 Loading class java/util/stream/ForEachOps$ForEachOp
Event: 2.081 Loading class java/util/stream/ForEachOps$ForEachOp done
Event: 2.081 Loading class java/util/stream/ForEachOps$ForEachOp$OfRef done

Classes unloaded (0 events):
No events

Classes redefined (0 events):
No events

Internal exceptions (20 events):
Event: 0.550 Thread 0x0000018cd1d04f70 Exception <a 'java/lang/NoSuchMethodError'{0x000000008e346ff8}: 'java.lang.Object java.lang.invoke.DirectMethodHandle$Holder.invokeStatic(java.lang.Object, java.lang.Object, int)'> (0x000000008e346ff8) 
thrown [s\src\hotspot\share\interpreter\linkResolver.cpp, line 784]
Event: 0.551 Thread 0x0000018cd1d04f70 Exception <a 'java/lang/NoSuchMethodError'{0x000000008e352540}: 'void java.lang.invoke.DelegatingMethodHandle$Holder.delegate(java.lang.Object, java.lang.Object, int, java.lang.Object)'> (0x000000008e352540) 
thrown [s\src\hotspot\share\interpreter\linkResolver.cpp, line 784]
Event: 0.552 Thread 0x0000018cd1d04f70 Exception <a 'java/lang/NoSuchMethodError'{0x000000008e356220}: 'int java.lang.invoke.DirectMethodHandle$Holder.invokeSpecial(java.lang.Object, java.lang.Object, java.lang.Object)'> (0x000000008e356220) 
thrown [s\src\hotspot\share\interpreter\linkResolver.cpp, line 784]
Event: 0.666 Thread 0x0000018cd1d04f70 Exception <a 'java/lang/NoSuchMethodError'{0x000000008e1e95a8}: 'int java.lang.invoke.DirectMethodHandle$Holder.invokeStatic(java.lang.Object)'> (0x000000008e1e95a8) 
thrown [s\src\hotspot\share\interpreter\linkResolver.cpp, line 784]
Event: 0.666 Thread 0x0000018cd1d04f70 Exception <a 'java/lang/NoSuchMethodError'{0x000000008e1ec7b0}: 'int java.lang.invoke.DirectMethodHandle$Holder.invokeStaticInit(java.lang.Object)'> (0x000000008e1ec7b0) 
thrown [s\src\hotspot\share\interpreter\linkResolver.cpp, line 784]
Event: 0.698 Thread 0x0000018cd1d04f70 Exception <a 'java/lang/NoSuchMethodError'{0x000000008f6b2730}: 'java.lang.Object java.lang.invoke.DirectMethodHandle$Holder.invokeVirtual(java.lang.Object, java.lang.Object, java.lang.Object)'> (0x000000008f6b2730) 
thrown [s\src\hotspot\share\interpreter\linkResolver.cpp, line 784]
Event: 0.776 Thread 0x0000018cd1d04f70 Exception <a 'java/lang/NoSuchMethodError'{0x000000008f3d2740}: 'java.lang.Object java.lang.invoke.DirectMethodHandle$Holder.invokeVirtual(java.lang.Object, java.lang.Object, java.lang.Object, java.lang.Object)'> (0x000000008f3d2740) 
thrown [s\src\hotspot\share\interpreter\linkResolver.cpp, line 784]
Event: 0.825 Thread 0x0000018cd1d04f70 Exception <a 'java/lang/NoSuchMethodError'{0x000000008f16c2a0}: 'void java.lang.invoke.DirectMethodHandle$Holder.invokeInterface(java.lang.Object, java.lang.Object, java.lang.Object)'> (0x000000008f16c2a0) 
thrown [s\src\hotspot\share\interpreter\linkResolver.cpp, line 784]
Event: 1.387 Thread 0x0000018cd1d04f70 Exception <a 'java/lang/NoSuchMethodError'{0x000000008ea9a720}: 'void java.lang.invoke.DirectMethodHandle$Holder.invokeVirtual(java.lang.Object, java.lang.Object, java.lang.Object, java.lang.Object)'> (0x000000008ea9a720) 
thrown [s\src\hotspot\share\interpreter\linkResolver.cpp, line 784]
Event: 1.388 Thread 0x0000018cd1d04f70 Exception <a 'java/lang/NoSuchMethodError'{0x000000008ea9e590}: 'void java.lang.invoke.DirectMethodHandle$Holder.invokeSpecial(java.lang.Object, java.lang.Object, java.lang.Object, java.lang.Object, java.lang.Object)'> (0x000000008ea9e590) 
thrown [s\src\hotspot\share\interpreter\linkResolver.cpp, line 784]
Event: 1.513 Thread 0x0000018cd1d04f70 Exception <a 'java/lang/NoSuchMethodError'{0x000000008e4f0660}: 'int java.lang.invoke.DelegatingMethodHandle$Holder.reinvoke_L(java.lang.Object)'> (0x000000008e4f0660) 
thrown [s\src\hotspot\share\interpreter\linkResolver.cpp, line 784]
Event: 1.616 Thread 0x0000018cd1d04f70 Exception <a 'java/lang/NoSuchMethodError'{0x000000008e1c11a0}: 'java.lang.Object java.lang.invoke.DirectMethodHandle$Holder.invokeVirtual(java.lang.Object, java.lang.Object, java.lang.Object, java.lang.Object, java.lang.Object, java.lang.Object)'> (0x000000008e1c11a0) 
thrown [s\src\hotspot\share\interpreter\linkResolver.cpp, line 784]
Event: 1.669 Thread 0x0000018cd1d04f70 Exception <a 'java/lang/NoSuchMethodError'{0x000000008dfb00f0}: 'java.lang.Object java.lang.invoke.DirectMethodHandle$Holder.invokeInterface(java.lang.Object, java.lang.Object)'> (0x000000008dfb00f0) 
thrown [s\src\hotspot\share\interpreter\linkResolver.cpp, line 784]
Event: 1.676 Thread 0x0000018cd1d04f70 Exception <a 'java/lang/NoSuchMethodError'{0x000000008dff1a48}: 'java.lang.Object java.lang.invoke.DirectMethodHandle$Holder.invokeVirtual(java.lang.Object, java.lang.Object, java.lang.Object, java.lang.Object, java.lang.Object)'> (0x000000008dff1a48) 
thrown [s\src\hotspot\share\interpreter\linkResolver.cpp, line 784]
Event: 1.677 Thread 0x0000018cd1d04f70 Exception <a 'java/lang/NoSuchMethodError'{0x000000008de051c0}: 'java.lang.Object java.lang.invoke.Invokers$Holder.invokeExact_MT(java.lang.Object, java.lang.Object, java.lang.Object, java.lang.Object, java.lang.Object, java.lang.Object)'> (0x000000008de051c0) 
thrown [s\src\hotspot\share\interpreter\linkResolver.cpp, line 784]
Event: 1.692 Thread 0x0000018cd1d04f70 Exception <a 'java/lang/NoSuchMethodError'{0x000000008dd16188}: 'java.lang.Object java.lang.invoke.DirectMethodHandle$Holder.invokeVirtual(java.lang.Object, java.lang.Object, java.lang.Object, java.lang.Object, java.lang.Object, java.lang.Object, java.lang.Object, java.lang.Object, java.lang.Object)'> (0x000000008dd16188) 
thrown [s\src\hotspot\share\interpreter\linkResolver.cpp, line 784]
Event: 1.812 Thread 0x0000018cd1d04f70 Exception <a 'java/lang/NoSuchMethodError'{0x000000008d9080d0}: 'java.lang.Object java.lang.invoke.DirectMethodHandle$Holder.invokeStaticInit(java.lang.Object, int, int, int, int)'> (0x000000008d9080d0) 
thrown [s\src\hotspot\share\interpreter\linkResolver.cpp, line 784]
Event: 1.840 Thread 0x0000018cd1d04f70 Exception <a 'java/lang/NoSuchMethodError'{0x000000008d95f648}: 'java.lang.Object java.lang.invoke.DirectMethodHandle$Holder.invokeStaticInit(java.lang.Object, java.lang.Object, int, int, int, int)'> (0x000000008d95f648) 
thrown [s\src\hotspot\share\interpreter\linkResolver.cpp, line 784]
Event: 1.943 Thread 0x0000018cd1d04f70 Exception <a 'java/io/IOException'{0x000000008d58d090}> (0x000000008d58d090) 
thrown [s\src\hotspot\share\prims\jni.cpp, line 535]
Event: 2.076 Thread 0x0000018cf2402320 Exception <a 'java/lang/NoSuchMethodError'{0x000000008cdbca08}: 'long java.lang.invoke.DirectMethodHandle$Holder.invokeInterface(java.lang.Object, java.lang.Object)'> (0x000000008cdbca08) 
thrown [s\src\hotspot\share\interpreter\linkResolver.cpp, line 784]

ZGC Phase Switch (0 events):
No events

VM Operations (20 events):
Event: 1.666 Executing VM operation: HandshakeAllThreads (Deoptimize)
Event: 1.666 Executing VM operation: HandshakeAllThreads (Deoptimize) done
Event: 1.687 Executing VM operation: HandshakeAllThreads (Deoptimize)
Event: 1.687 Executing VM operation: HandshakeAllThreads (Deoptimize) done
Event: 1.687 Executing VM operation: HandshakeAllThreads (Deoptimize)
Event: 1.687 Executing VM operation: HandshakeAllThreads (Deoptimize) done
Event: 1.713 Executing VM operation: HandshakeAllThreads (Deoptimize)
Event: 1.713 Executing VM operation: HandshakeAllThreads (Deoptimize) done
Event: 1.755 Executing VM operation: HandshakeAllThreads (Deoptimize)
Event: 1.755 Executing VM operation: HandshakeAllThreads (Deoptimize) done
Event: 1.773 Executing VM operation: HandshakeAllThreads (Deoptimize)
Event: 1.773 Executing VM operation: HandshakeAllThreads (Deoptimize) done
Event: 1.834 Executing VM operation: HandshakeAllThreads (Deoptimize)
Event: 1.834 Executing VM operation: HandshakeAllThreads (Deoptimize) done
Event: 1.889 Executing VM operation: ICBufferFull
Event: 1.889 Executing VM operation: ICBufferFull done
Event: 1.920 Executing VM operation: HandshakeAllThreads (Deoptimize)
Event: 1.920 Executing VM operation: HandshakeAllThreads (Deoptimize) done
Event: 1.972 Executing VM operation: HandshakeAllThreads (Deoptimize)
Event: 1.972 Executing VM operation: HandshakeAllThreads (Deoptimize) done

Events (20 events):
Event: 0.152 Loaded shared library C:\Program Files\Android\Android Studio\jbr\bin\zip.dll
Event: 0.169 Thread 0x0000018cec83db90 Thread added: 0x0000018cec83db90
Event: 0.350 Loaded shared library C:\Program Files\Android\Android Studio\jbr\bin\jimage.dll
Event: 0.353 Thread 0x0000018cec825ce0 Thread added: 0x0000018cec825ce0
Event: 0.577 Loaded shared library C:\Users\egoru\.gradle\native\c067742578af261105cb4f569cf0c3c89f3d7b1fecec35dd04571415982c5e48\windows-amd64\native-platform.dll
Event: 0.591 Loaded shared library C:\Users\egoru\.gradle\native\38dada09dfb8b06ba9b0570ebf7e218e3eb74d4ef43ca46872605cf95ebc2f47\windows-amd64\native-platform-file-events.dll
Event: 0.660 Thread 0x0000018cf11d8760 Thread added: 0x0000018cf11d8760
Event: 1.649 Loaded shared library C:\Program Files\Android\Android Studio\jbr\bin\management.dll
Event: 1.653 Loaded shared library C:\Program Files\Android\Android Studio\jbr\bin\management_ext.dll
Event: 1.687 Thread 0x0000018cf26e4860 Thread added: 0x0000018cf26e4860
Event: 1.853 Loaded shared library C:\Program Files\Android\Android Studio\jbr\bin\extnet.dll
Event: 1.886 Thread 0x0000018cf1f65ab0 Thread added: 0x0000018cf1f65ab0
Event: 1.953 Thread 0x0000018cf2280a20 Thread added: 0x0000018cf2280a20
Event: 2.006 Thread 0x0000018cf22679c0 Thread added: 0x0000018cf22679c0
Event: 2.008 Thread 0x0000018cf22733d0 Thread added: 0x0000018cf22733d0
Event: 2.030 Thread 0x0000018cf212fe50 Thread added: 0x0000018cf212fe50
Event: 2.036 Thread 0x0000018cf2402320 Thread added: 0x0000018cf2402320
Event: 2.043 Thread 0x0000018cf2406660 Thread added: 0x0000018cf2406660
Event: 2.046 Thread 0x0000018cf2407a10 Thread added: 0x0000018cf2407a10
Event: 2.048 Thread 0x0000018cf2408730 Thread added: 0x0000018cf2408730


Dynamic libraries:
0x00007ff6052a0000 - 0x00007ff6052aa000 	C:\Program Files\Android\Android Studio\jbr\bin\java.exe
0x00007ff8861d0000 - 0x00007ff8863e7000 	C:\Windows\SYSTEM32\ntdll.dll
0x00007ff885870000 - 0x00007ff885934000 	C:\Windows\System32\KERNEL32.DLL
0x00007ff8836d0000 - 0x00007ff883a8a000 	C:\Windows\System32\KERNELBASE.dll
0x00007ff8835b0000 - 0x00007ff8836c1000 	C:\Windows\System32\ucrtbase.dll
0x00007ff8567a0000 - 0x00007ff8567bb000 	C:\Program Files\Android\Android Studio\jbr\bin\VCRUNTIME140.dll
0x00007ff86ea80000 - 0x00007ff86ea98000 	C:\Program Files\Android\Android Studio\jbr\bin\jli.dll
0x00007ff884f60000 - 0x00007ff88510e000 	C:\Windows\System32\USER32.dll
0x00007ff872bc0000 - 0x00007ff872e52000 	C:\Windows\WinSxS\amd64_microsoft.windows.common-controls_6595b64144ccf1df_6.0.22621.4541_none_2710d1c57384c085\COMCTL32.dll
0x00007ff883e60000 - 0x00007ff883e86000 	C:\Windows\System32\win32u.dll
0x00007ff884eb0000 - 0x00007ff884f57000 	C:\Windows\System32\msvcrt.dll
0x00007ff8849a0000 - 0x00007ff8849c9000 	C:\Windows\System32\GDI32.dll
0x00007ff883d40000 - 0x00007ff883e5b000 	C:\Windows\System32\gdi32full.dll
0x00007ff883510000 - 0x00007ff8835aa000 	C:\Windows\System32\msvcp_win.dll
0x00007ff884850000 - 0x00007ff884881000 	C:\Windows\System32\IMM32.DLL
0x00007ff8707f0000 - 0x00007ff8707fc000 	C:\Program Files\Android\Android Studio\jbr\bin\vcruntime140_1.dll
0x00007ff843df0000 - 0x00007ff843e7d000 	C:\Program Files\Android\Android Studio\jbr\bin\msvcp140.dll
0x00007fffc2850000 - 0x00007fffc34cd000 	C:\Program Files\Android\Android Studio\jbr\bin\server\jvm.dll
0x00007ff885680000 - 0x00007ff885732000 	C:\Windows\System32\ADVAPI32.dll
0x00007ff885760000 - 0x00007ff885807000 	C:\Windows\System32\sechost.dll
0x00007ff883e90000 - 0x00007ff883eb8000 	C:\Windows\System32\bcrypt.dll
0x00007ff8859c0000 - 0x00007ff885ad4000 	C:\Windows\System32\RPCRT4.dll
0x00007ff885600000 - 0x00007ff885671000 	C:\Windows\System32\WS2_32.dll
0x00007ff883360000 - 0x00007ff8833ad000 	C:\Windows\SYSTEM32\POWRPROF.dll
0x00007ff87ed50000 - 0x00007ff87ed84000 	C:\Windows\SYSTEM32\WINMM.dll
0x00007ff87e610000 - 0x00007ff87e61a000 	C:\Windows\SYSTEM32\VERSION.dll
0x00007ff883340000 - 0x00007ff883353000 	C:\Windows\SYSTEM32\UMPDC.dll
0x00007ff8824d0000 - 0x00007ff8824e8000 	C:\Windows\SYSTEM32\kernel.appcore.dll
0x00007ff86d4d0000 - 0x00007ff86d4da000 	C:\Program Files\Android\Android Studio\jbr\bin\jimage.dll
0x00007ff880dc0000 - 0x00007ff880ff2000 	C:\Windows\SYSTEM32\DBGHELP.DLL
0x00007ff885c50000 - 0x00007ff885fe1000 	C:\Windows\System32\combase.dll
0x00007ff883ec0000 - 0x00007ff883f97000 	C:\Windows\System32\OLEAUT32.dll
0x00007ff87aaa0000 - 0x00007ff87aad2000 	C:\Windows\SYSTEM32\dbgcore.DLL
0x00007ff883490000 - 0x00007ff88350b000 	C:\Windows\System32\bcryptPrimitives.dll
0x00007ff872a30000 - 0x00007ff872a3e000 	C:\Program Files\Android\Android Studio\jbr\bin\instrument.dll
0x00007ff855960000 - 0x00007ff85597f000 	C:\Program Files\Android\Android Studio\jbr\bin\java.dll
0x00007ff851e70000 - 0x00007ff851e88000 	C:\Program Files\Android\Android Studio\jbr\bin\zip.dll
0x00007ff883fc0000 - 0x00007ff884839000 	C:\Windows\System32\SHELL32.dll
0x00007ff8813d0000 - 0x00007ff881cd9000 	C:\Windows\SYSTEM32\windows.storage.dll
0x00007ff881290000 - 0x00007ff8813cf000 	C:\Windows\SYSTEM32\wintypes.dll
0x00007ff886000000 - 0x00007ff8860fa000 	C:\Windows\System32\SHCORE.dll
0x00007ff8849d0000 - 0x00007ff884a2e000 	C:\Windows\System32\shlwapi.dll
0x00007ff8833c0000 - 0x00007ff8833eb000 	C:\Windows\SYSTEM32\profapi.dll
0x00007ff86d160000 - 0x00007ff86d170000 	C:\Program Files\Android\Android Studio\jbr\bin\net.dll
0x00007ff87ffc0000 - 0x00007ff8800f6000 	C:\Windows\SYSTEM32\WINHTTP.dll
0x00007ff882950000 - 0x00007ff8829b9000 	C:\Windows\system32\mswsock.dll
0x00007ff84be10000 - 0x00007ff84be26000 	C:\Program Files\Android\Android Studio\jbr\bin\nio.dll
0x00007ff8734d0000 - 0x00007ff8734e0000 	C:\Program Files\Android\Android Studio\jbr\bin\verify.dll
0x00007ff8688a0000 - 0x00007ff8688c7000 	C:\Users\egoru\.gradle\native\c067742578af261105cb4f569cf0c3c89f3d7b1fecec35dd04571415982c5e48\windows-amd64\native-platform.dll
0x00007fffd50d0000 - 0x00007fffd5214000 	C:\Users\egoru\.gradle\native\38dada09dfb8b06ba9b0570ebf7e218e3eb74d4ef43ca46872605cf95ebc2f47\windows-amd64\native-platform-file-events.dll
0x00007ff86bf10000 - 0x00007ff86bf19000 	C:\Program Files\Android\Android Studio\jbr\bin\management.dll
0x00007ff86be90000 - 0x00007ff86be9b000 	C:\Program Files\Android\Android Studio\jbr\bin\management_ext.dll
0x00007ff885860000 - 0x00007ff885868000 	C:\Windows\System32\PSAPI.DLL
0x00007ff882bb0000 - 0x00007ff882bcb000 	C:\Windows\SYSTEM32\CRYPTSP.dll
0x00007ff882430000 - 0x00007ff882465000 	C:\Windows\system32\rsaenh.dll
0x00007ff882a40000 - 0x00007ff882a68000 	C:\Windows\SYSTEM32\USERENV.dll
0x00007ff882ba0000 - 0x00007ff882bac000 	C:\Windows\SYSTEM32\CRYPTBASE.dll
0x00007ff881f80000 - 0x00007ff881fad000 	C:\Windows\SYSTEM32\IPHLPAPI.DLL
0x00007ff884840000 - 0x00007ff884849000 	C:\Windows\System32\NSI.dll
0x00007ff86c2e0000 - 0x00007ff86c2e9000 	C:\Program Files\Android\Android Studio\jbr\bin\extnet.dll
0x00007ff86d7a0000 - 0x00007ff86d7a8000 	C:\Windows\system32\wshunix.dll

dbghelp: loaded successfully - version: 4.0.5 - missing functions: none
symbol engine: initialized successfully - sym options: 0x614 - pdb path: .;C:\Program Files\Android\Android Studio\jbr\bin;C:\Windows\SYSTEM32;C:\Windows\WinSxS\amd64_microsoft.windows.common-controls_6595b64144ccf1df_6.0.22621.4541_none_2710d1c57384c085;C:\Program Files\Android\Android Studio\jbr\bin\server;C:\Users\egoru\.gradle\native\c067742578af261105cb4f569cf0c3c89f3d7b1fecec35dd04571415982c5e48\windows-amd64;C:\Users\egoru\.gradle\native\38dada09dfb8b06ba9b0570ebf7e218e3eb74d4ef43ca46872605cf95ebc2f47\windows-amd64

VM Arguments:
jvm_args: --add-opens=java.base/java.util=ALL-UNNAMED --add-opens=java.base/java.lang=ALL-UNNAMED --add-opens=java.base/java.lang.invoke=ALL-UNNAMED --add-opens=java.prefs/java.util.prefs=ALL-UNNAMED --add-opens=java.base/java.nio.charset=ALL-UNNAMED --add-opens=java.base/java.net=ALL-UNNAMED --add-opens=java.base/java.util.concurrent.atomic=ALL-UNNAMED -Xmx2048m -Dfile.encoding=UTF-8 -Duser.country=RU -Duser.language=ru -Duser.variant -javaagent:C:\Users\egoru\.gradle\wrapper\dists\gradle-8.7-bin\bhs2wmbdwecv87pi65oeuq5iu\gradle-8.7\lib\agents\gradle-instrumentation-agent-8.7.jar 
java_command: org.gradle.launcher.daemon.bootstrap.GradleDaemon 8.7
java_class_path (initial): C:\Users\egoru\.gradle\wrapper\dists\gradle-8.7-bin\bhs2wmbdwecv87pi65oeuq5iu\gradle-8.7\lib\gradle-launcher-8.7.jar
Launcher Type: SUN_STANDARD

[Global flags]
     intx CICompilerCount                          = 12                                        {product} {ergonomic}
     uint ConcGCThreads                            = 3                                         {product} {ergonomic}
     uint G1ConcRefinementThreads                  = 13                                        {product} {ergonomic}
   size_t G1HeapRegionSize                         = 1048576                                   {product} {ergonomic}
    uintx GCDrainStackTargetSize                   = 64                                        {product} {ergonomic}
   size_t InitialHeapSize                          = 260046848                                 {product} {ergonomic}
   size_t MarkStackSize                            = 4194304                                   {product} {ergonomic}
   size_t MaxHeapSize                              = 2147483648                                {product} {command line}
   size_t MaxNewSize                               = 1287651328                                {product} {ergonomic}
   size_t MinHeapDeltaBytes                        = 1048576                                   {product} {ergonomic}
   size_t MinHeapSize                              = 8388608                                   {product} {ergonomic}
    uintx NonNMethodCodeHeapSize                   = 7602480                                {pd product} {ergonomic}
    uintx NonProfiledCodeHeapSize                  = 122027880                              {pd product} {ergonomic}
    uintx ProfiledCodeHeapSize                     = 122027880                              {pd product} {ergonomic}
    uintx ReservedCodeCacheSize                    = 251658240                              {pd product} {ergonomic}
     bool SegmentedCodeCache                       = true                                      {product} {ergonomic}
   size_t SoftMaxHeapSize                          = 2147483648                             {manageable} {ergonomic}
     bool UseCompressedOops                        = true                           {product lp64_product} {ergonomic}
     bool UseG1GC                                  = true                                      {product} {ergonomic}
     bool UseLargePagesIndividualAllocation        = false                                  {pd product} {ergonomic}

Logging:
Log output configuration:
 #0: stdout all=warning uptime,level,tags foldmultilines=false
 #1: stderr all=off uptime,level,tags foldmultilines=false

Environment Variables:
JAVA_HOME=C:\Program Files\Java\jdk-22
PATH=C:\Python312\Scripts\;C:\Python312\;C:\Program Files\Eclipse Adoptium\jdk-21.0.4.7-hotspot\bin;C:\Program Files\Common Files\Oracle\Java\javapath;C:\Program Files (x86)\Common Files\Oracle\Java\java8path;C:\Program Files (x86)\Common Files\Oracle\Java\javapath;C:\Windows\system32;C:\Windows;C:\Windows\System32\Wbem;C:\Windows\System32\WindowsPowerShell\v1.0\;C:\Windows\System32\OpenSSH\;C:\Program Files\NVIDIA Corporation\NVIDIA NvDLISR;C:\Program Files (x86)\NVIDIA Corporation\PhysX\Common;C:\Program Files\Git\cmd;C:\Program Files\nodejs\;C:\ProgramData\chocolatey\bin;C:\Program Files\Java\jdk-22\bin;C:\Users\egoru\AppData\Local\Microsoft\WindowsApps;C:\Users\egoru\AppData\Local\Programs\Microsoft VS Code\bin;C:\msys64\ucrt64\bin;D:\IntelliJ IDEA Community Edition 2024.2.3\bin;;C:\Users\egoru\AppData\Roaming\npm;C:\Users\egoru\AppData\Local\GitHubDesktop\bin
USERNAME=egoru
OS=Windows_NT
PROCESSOR_IDENTIFIER=AMD64 Family 25 Model 80 Stepping 0, AuthenticAMD
TMP=C:\Users\egoru\AppData\Local\Temp
TEMP=C:\Users\egoru\AppData\Local\Temp




Periodic native trim disabled

JNI global refs:
JNI global refs: 32, weak refs: 0

JNI global refs memory usage: 835, weak refs: 833

Process memory usage:
Resident Set Size: 153576K (0% of 16154000K total physical memory with 202844K free physical memory)

OOME stack traces (most recent first):
Classloader memory used:
Loader bootstrap                                                                       : 15025K
Loader org.gradle.internal.classloader.VisitableURLClassLoader                         : 5500K
Loader org.gradle.initialization.MixInLegacyTypesClassLoader                           : 307K
Loader jdk.internal.loader.ClassLoaders$AppClassLoader                                 : 230K
Loader jdk.internal.loader.ClassLoaders$PlatformClassLoader                            : 146K

Classes loaded by more than one classloader:
Class org.gradle.internal.classloader.FilteringClassLoader                            : loaded 2 times (x 102B)
Class org.gradle.internal.classloader.ClassLoaderHierarchy                            : loaded 2 times (x 67B)
Class org.gradle.api.internal.classpath.ManifestUtil                                  : loaded 2 times (x 68B)
Class org.gradle.internal.classloader.ClassLoaderVisitor                              : loaded 2 times (x 73B)
Class org.gradle.api.internal.classpath.EffectiveClassPath                            : loaded 2 times (x 87B)
Class org.gradle.api.internal.DefaultClassPathProvider                                : loaded 2 times (x 73B)
Class [Lorg.gradle.api.internal.ClassPathProvider;                                    : loaded 2 times (x 66B)
Class org.gradle.api.internal.ClassPathProvider                                       : loaded 2 times (x 67B)
Class org.gradle.internal.service.UnknownServiceException                             : loaded 2 times (x 80B)
Class org.gradle.internal.classpath.TransformedClassPath                              : loaded 2 times (x 93B)
Class org.gradle.internal.service.ServiceLocator                                      : loaded 2 times (x 67B)
Class org.gradle.internal.InternalTransformer                                         : loaded 2 times (x 67B)
Class org.gradle.internal.classloader.ClasspathUtil$1                                 : loaded 2 times (x 73B)
Class org.gradle.api.internal.classpath.DefaultModuleRegistry$DefaultModule           : loaded 2 times (x 83B)
Class org.gradle.api.internal.classpath.Module                                        : loaded 2 times (x 67B)
Class org.gradle.api.internal.classpath.UnknownModuleException                        : loaded 2 times (x 79B)
Class org.gradle.cache.GlobalCache                                                    : loaded 2 times (x 67B)
Class org.gradle.api.internal.DefaultClassPathRegistry                                : loaded 2 times (x 73B)
Class org.gradle.api.internal.ClassPathRegistry                                       : loaded 2 times (x 67B)
Class org.gradle.internal.classpath.DefaultClassPath$ImmutableUniqueList              : loaded 2 times (x 196B)
Class org.gradle.internal.classpath.ClassPath                                         : loaded 2 times (x 67B)
Class org.gradle.api.UncheckedIOException                                             : loaded 2 times (x 79B)
Class org.gradle.internal.installation.GradleInstallation$1                           : loaded 2 times (x 72B)
Class org.gradle.api.internal.classpath.ModuleRegistry                                : loaded 2 times (x 67B)
Class org.gradle.api.internal.classpath.DefaultModuleRegistry                         : loaded 2 times (x 83B)
Class org.gradle.internal.service.ServiceLookupException                              : loaded 2 times (x 79B)
Class org.gradle.internal.classloader.ClassLoaderFactory                              : loaded 2 times (x 67B)
Class org.gradle.internal.service.CachingServiceLocator                               : loaded 2 times (x 79B)
Class org.gradle.internal.classloader.ClasspathUtil                                   : loaded 2 times (x 68B)
Class org.gradle.api.specs.Spec                                                       : loaded 2 times (x 67B)
Class org.gradle.internal.classloader.VisitableURLClassLoader$InstrumentingVisitableURLClassLoader: loaded 2 times (x 120B)
Class org.gradle.internal.classloader.VisitableURLClassLoader$Spec                    : loaded 2 times (x 71B)
Class org.gradle.internal.classpath.DefaultClassPath                                  : loaded 2 times (x 87B)
Class org.gradle.internal.classloader.ClassLoaderSpec                                 : loaded 2 times (x 68B)
Class org.gradle.internal.classloader.VisitableURLClassLoader                         : loaded 2 times (x 114B)
Class org.gradle.internal.Cast                                                        : loaded 2 times (x 68B)
Class org.gradle.api.Action                                                           : loaded 2 times (x 67B)
Class org.gradle.internal.agents.InstrumentingClassLoader                             : loaded 2 times (x 67B)
Class org.gradle.internal.classpath.DefaultClassPath$ImmutableUniqueList$Builder      : loaded 2 times (x 72B)
Class org.gradle.api.GradleException                                                  : loaded 2 times (x 79B)
Class org.gradle.internal.IoActions                                                   : loaded 2 times (x 68B)
Class org.gradle.internal.classloader.SystemClassLoaderSpec                           : loaded 2 times (x 68B)
Class org.gradle.internal.installation.CurrentGradleInstallationLocator               : loaded 2 times (x 68B)
Class org.gradle.internal.service.DefaultServiceLocator                               : loaded 2 times (x 80B)
Class org.gradle.internal.installation.CurrentGradleInstallation                      : loaded 2 times (x 70B)
Class org.gradle.util.internal.GUtil                                                  : loaded 2 times (x 68B)
Class org.gradle.internal.installation.GradleInstallation                             : loaded 2 times (x 72B)

---------------  S Y S T E M  ---------------

OS:
 Windows 11 , 64 bit Build 22621 (10.0.22621.4391)
OS uptime: 1 days 23:02 hours

CPU: total 16 (initial active 16) (16 cores per cpu, 2 threads per core) family 25 model 80 stepping 0 microcode 0x0, cx8, cmov, fxsr, ht, mmx, 3dnowpref, sse, sse2, sse3, ssse3, sse4a, sse4.1, sse4.2, popcnt, lzcnt, tsc, tscinvbit, avx, avx2, aes, erms, clmul, bmi1, bmi2, adx, sha, fma, vzeroupper, clflush, clflushopt, rdtscp, rdpid, fsrm, f16c, pku, cet_ss
Processor Information for processor 0
  Max Mhz: 3201, Current Mhz: 2555, Mhz Limit: 3201
Processor Information for processor 1
  Max Mhz: 3201, Current Mhz: 2555, Mhz Limit: 3201
Processor Information for processor 2
  Max Mhz: 3201, Current Mhz: 3201, Mhz Limit: 3201
Processor Information for processor 3
  Max Mhz: 3201, Current Mhz: 2555, Mhz Limit: 3201
Processor Information for processor 4
  Max Mhz: 3201, Current Mhz: 3201, Mhz Limit: 3201
Processor Information for processor 5
  Max Mhz: 3201, Current Mhz: 2555, Mhz Limit: 3201
Processor Information for processor 6
  Max Mhz: 3201, Current Mhz: 2555, Mhz Limit: 3201
Processor Information for processor 7
  Max Mhz: 3201, Current Mhz: 3201, Mhz Limit: 3201
Processor Information for processor 8
  Max Mhz: 3201, Current Mhz: 3201, Mhz Limit: 3201
Processor Information for processor 9
  Max Mhz: 3201, Current Mhz: 2555, Mhz Limit: 3201
Processor Information for processor 10
  Max Mhz: 3201, Current Mhz: 2555, Mhz Limit: 3201
Processor Information for processor 11
  Max Mhz: 3201, Current Mhz: 3201, Mhz Limit: 3201
Processor Information for processor 12
  Max Mhz: 3201, Current Mhz: 2555, Mhz Limit: 3201
Processor Information for processor 13
  Max Mhz: 3201, Current Mhz: 2555, Mhz Limit: 3201
Processor Information for processor 14
  Max Mhz: 3201, Current Mhz: 2555, Mhz Limit: 3201
Processor Information for processor 15
  Max Mhz: 3201, Current Mhz: 2555, Mhz Limit: 3201

Memory: 4k page, system-wide physical 15775M (202M free)
TotalPageFile size 28163M (AvailPageFile size 152M)
current process WorkingSet (physical memory assigned to process): 150M, peak: 150M
current process commit charge ("private bytes"): 388M, peak: 390M

vm_info: OpenJDK 64-Bit Server VM (21.0.3+-12282718-b509.11) for windows-amd64 JRE (21.0.3+-12282718-b509.11), built on 2024-08-27T17:34:15Z by "builder" with MS VC++ 16.10 / 16.11 (VS2019)

END.
